
C:\Users\fm\AppData\Local\Temp\arduino_build_985260/tiny13synt3775.ino.elf:     file format elf32-avr


Disassembly of section .text:

00000000 <__vectors>:
__vectors():
   0:	09 c0       	rjmp	.+18     	; 0x14 <__ctors_end>
   2:	9b c0       	rjmp	.+310    	; 0x13a <__bad_interrupt>
   4:	9a c0       	rjmp	.+308    	; 0x13a <__bad_interrupt>
   6:	99 c0       	rjmp	.+306    	; 0x13a <__bad_interrupt>
   8:	98 c0       	rjmp	.+304    	; 0x13a <__bad_interrupt>
   a:	97 c0       	rjmp	.+302    	; 0x13a <__bad_interrupt>
   c:	96 c0       	rjmp	.+300    	; 0x13a <__bad_interrupt>
   e:	95 c0       	rjmp	.+298    	; 0x13a <__bad_interrupt>
  10:	94 c0       	rjmp	.+296    	; 0x13a <__bad_interrupt>
  12:	93 c0       	rjmp	.+294    	; 0x13a <__bad_interrupt>

00000014 <__ctors_end>:
__trampolines_start():
  14:	11 24       	eor	r1, r1
  16:	1f be       	out	0x3f, r1	; 63
  18:	cf e9       	ldi	r28, 0x9F	; 159
  1a:	cd bf       	out	0x3d, r28	; 61

0000001c <__do_copy_data>:
__do_copy_data():
/home/jenkins-mingw32/workspace/avr-gcc-staging/label/Ubuntu14.04x64-mingw32/gcc-build/avr/avr25/tiny-stack/libgcc/../../../../../gcc/libgcc/config/avr/lib1funcs.S:2409
  1c:	10 e0       	ldi	r17, 0x00	; 0
/home/jenkins-mingw32/workspace/avr-gcc-staging/label/Ubuntu14.04x64-mingw32/gcc-build/avr/avr25/tiny-stack/libgcc/../../../../../gcc/libgcc/config/avr/lib1funcs.S:2410
  1e:	a0 e6       	ldi	r26, 0x60	; 96
/home/jenkins-mingw32/workspace/avr-gcc-staging/label/Ubuntu14.04x64-mingw32/gcc-build/avr/avr25/tiny-stack/libgcc/../../../../../gcc/libgcc/config/avr/lib1funcs.S:2411
  20:	b0 e0       	ldi	r27, 0x00	; 0
/home/jenkins-mingw32/workspace/avr-gcc-staging/label/Ubuntu14.04x64-mingw32/gcc-build/avr/avr25/tiny-stack/libgcc/../../../../../gcc/libgcc/config/avr/lib1funcs.S:2412
  22:	ec ec       	ldi	r30, 0xCC	; 204
/home/jenkins-mingw32/workspace/avr-gcc-staging/label/Ubuntu14.04x64-mingw32/gcc-build/avr/avr25/tiny-stack/libgcc/../../../../../gcc/libgcc/config/avr/lib1funcs.S:2413
  24:	f3 e0       	ldi	r31, 0x03	; 3
/home/jenkins-mingw32/workspace/avr-gcc-staging/label/Ubuntu14.04x64-mingw32/gcc-build/avr/avr25/tiny-stack/libgcc/../../../../../gcc/libgcc/config/avr/lib1funcs.S:2414
  26:	02 c0       	rjmp	.+4      	; 0x2c <__do_copy_data+0x10>
/home/jenkins-mingw32/workspace/avr-gcc-staging/label/Ubuntu14.04x64-mingw32/gcc-build/avr/avr25/tiny-stack/libgcc/../../../../../gcc/libgcc/config/avr/lib1funcs.S:2417
  28:	05 90       	lpm	r0, Z+
/home/jenkins-mingw32/workspace/avr-gcc-staging/label/Ubuntu14.04x64-mingw32/gcc-build/avr/avr25/tiny-stack/libgcc/../../../../../gcc/libgcc/config/avr/lib1funcs.S:2422
  2a:	0d 92       	st	X+, r0
/home/jenkins-mingw32/workspace/avr-gcc-staging/label/Ubuntu14.04x64-mingw32/gcc-build/avr/avr25/tiny-stack/libgcc/../../../../../gcc/libgcc/config/avr/lib1funcs.S:2424
  2c:	a2 36       	cpi	r26, 0x62	; 98
/home/jenkins-mingw32/workspace/avr-gcc-staging/label/Ubuntu14.04x64-mingw32/gcc-build/avr/avr25/tiny-stack/libgcc/../../../../../gcc/libgcc/config/avr/lib1funcs.S:2425
  2e:	b1 07       	cpc	r27, r17
/home/jenkins-mingw32/workspace/avr-gcc-staging/label/Ubuntu14.04x64-mingw32/gcc-build/avr/avr25/tiny-stack/libgcc/../../../../../gcc/libgcc/config/avr/lib1funcs.S:2426
  30:	d9 f7       	brne	.-10     	; 0x28 <__do_copy_data+0xc>
  32:	01 d0       	rcall	.+2      	; 0x36 <main>
  34:	c9 c1       	rjmp	.+914    	; 0x3c8 <_exit>

00000036 <main>:
main():
C:\Users\fm\AppData\Local\Arduino15\packages\MicroCore\hardware\avr\2.2.0\cores\microcore/main.cpp:16
  
#include "Arduino.h"

__attribute__(( section(".init9") ))
int main()
{
  36:	cf 93       	push	r28
  38:	df 93       	push	r29
  3a:	cd b7       	in	r28, 0x3d	; 61
  3c:	dd 27       	eor	r29, r29
  3e:	c8 50       	subi	r28, 0x08	; 8
  40:	cd bf       	out	0x3d, r28	; 61
init():
C:\Users\fm\AppData\Local\Arduino15\packages\MicroCore\hardware\avr\2.2.0\cores\microcore/wiring.c:164
    // Set timer0 couter to zero
    TCNT0 = 0;
  #endif

  // Turn on global interrupts
  sei();
  42:	78 94       	sei
setup():
C:\github\Karat-M\code\tiny13synt3775/tiny13synt3775.ino:8
uint32_t SI_XTAL_FREQ = 27017100UL;
uint32_t frequency = 3272898UL;
uint8_t prv_ch = 254;

void setup() {
  DDRB &= ~(1 << PB3);      // For attiny it is PB3 for adc input
  44:	bb 98       	cbi	0x17, 3	; 23
C:\github\Karat-M\code\tiny13synt3775/tiny13synt3775.ino:9
  ADMUX |= (0 << REFS0) | (1 << MUX1) | (1 << MUX0); // set reference and channel
  46:	87 b1       	in	r24, 0x07	; 7
  48:	83 60       	ori	r24, 0x03	; 3
  4a:	87 b9       	out	0x07, r24	; 7
C:\github\Karat-M\code\tiny13synt3775/tiny13synt3775.ino:10
  ADCSRA |= (1 << ADPS2) | (1 << ADPS1) | (1 << ADPS0) | (1 << ADEN); //set prescaller to 128 and enable ADC
  4c:	86 b1       	in	r24, 0x06	; 6
  4e:	87 68       	ori	r24, 0x87	; 135
  50:	86 b9       	out	0x06, r24	; 6
C:\github\Karat-M\code\tiny13synt3775/tiny13synt3775.ino:11
  sei();
  52:	78 94       	sei
ReadADC():
C:\github\Karat-M\code\tiny13synt3775/tiny13synt3775.ino:23
    prv_ch = ch;
  }
}

uint16_t ReadADC() {
  ADCSRA |= (1 << ADSC);       // start conversion
  54:	36 9a       	sbi	0x06, 6	; 6
C:\github\Karat-M\code\tiny13synt3775/tiny13synt3775.ino:24
  while (ADCSRA & (1 << ADSC)) {} // wait for conversion complete
  56:	36 99       	sbic	0x06, 6	; 6
  58:	fe cf       	rjmp	.-4      	; 0x56 <__SREG__+0x17>
C:\github\Karat-M\code\tiny13synt3775/tiny13synt3775.ino:25
  return ADC;
  5a:	84 b0       	in	r8, 0x04	; 4
  5c:	95 b0       	in	r9, 0x05	; 5
loop():
C:\github\Karat-M\code\tiny13synt3775/tiny13synt3775.ino:15
  ADCSRA |= (1 << ADPS2) | (1 << ADPS1) | (1 << ADPS0) | (1 << ADEN); //set prescaller to 128 and enable ADC
  sei();
}

void loop() {
  uint8_t  ch = ReadADC() >> 4;
  5e:	e4 e0       	ldi	r30, 0x04	; 4
  60:	96 94       	lsr	r9
  62:	87 94       	ror	r8
  64:	ea 95       	dec	r30
  66:	e1 f7       	brne	.-8      	; 0x60 <__SREG__+0x21>
  68:	d8 2c       	mov	r13, r8
C:\github\Karat-M\code\tiny13synt3775/tiny13synt3775.ino:16
  if (prv_ch != ch) {
  6a:	c0 90 60 00 	lds	r12, 0x0060	; 0x800060 <__DATA_REGION_ORIGIN__>
  6e:	8c 14       	cp	r8, r12
  70:	89 f3       	breq	.-30     	; 0x54 <__SREG__+0x15>
C:\github\Karat-M\code\tiny13synt3775/tiny13synt3775.ino:17
    si5351_freq((frequency + (ch<<6)), 0, prv_ch);
  72:	86 e0       	ldi	r24, 0x06	; 6
  74:	88 0c       	add	r8, r8
  76:	99 1c       	adc	r9, r9
  78:	8a 95       	dec	r24
  7a:	e1 f7       	brne	.-8      	; 0x74 <__SREG__+0x35>
  7c:	80 ec       	ldi	r24, 0xC0	; 192
  7e:	88 22       	and	r8, r24
  80:	8f e3       	ldi	r24, 0x3F	; 63
  82:	98 22       	and	r9, r24
  84:	09 2c       	mov	r0, r9
  86:	00 0c       	add	r0, r0
  88:	aa 08       	sbc	r10, r10
  8a:	bb 08       	sbc	r11, r11
  8c:	82 ec       	ldi	r24, 0xC2	; 194
  8e:	88 0e       	add	r8, r24
  90:	80 ef       	ldi	r24, 0xF0	; 240
  92:	98 1e       	adc	r9, r24
  94:	81 e3       	ldi	r24, 0x31	; 49
  96:	a8 1e       	adc	r10, r24
  98:	b1 1c       	adc	r11, r1
si5351_freq():
C:\Users\fm\AppData\Local\Temp\arduino_build_985260\sketch/tiny5351.c:57
void si5351_freq(uint32_t freq, uint8_t clk, uint8_t res) //, uint8_t i, uint8_t q
{
  uint8_t si5351_mult;
  uint64_t pll_freq;
  //uint8_t r_div = 1;
  i2c_init();
  9a:	56 d0       	rcall	.+172    	; 0x148 <i2c_init>
C:\Users\fm\AppData\Local\Temp\arduino_build_985260\sketch/tiny5351.c:59
#define ml 27
  setupPLL(SI_SYNTH_PLL_A, ml, 0, 1, R_DIV_NA);
  9c:	e1 2c       	mov	r14, r1
  9e:	f1 2c       	mov	r15, r1
  a0:	87 01       	movw	r16, r14
  a2:	e3 94       	inc	r14
  a4:	20 e0       	ldi	r18, 0x00	; 0
  a6:	30 e0       	ldi	r19, 0x00	; 0
  a8:	a9 01       	movw	r20, r18
  aa:	6b e1       	ldi	r22, 0x1B	; 27
  ac:	8a e1       	ldi	r24, 0x1A	; 26
  ae:	ec d0       	rcall	.+472    	; 0x288 <setupPLL.constprop.1>
C:\Users\fm\AppData\Local\Temp\arduino_build_985260\sketch/tiny5351.c:62
  //setupPLL(SI_SYNTH_PLL_B, 30, 0, 1,R_DIV_NA);
  pll_freq = (SI_XTAL_FREQ * ml);
  div_result output = tdivide(pll_freq, freq);
  b0:	a5 01       	movw	r20, r10
  b2:	94 01       	movw	r18, r8
  b4:	64 ec       	ldi	r22, 0xC4	; 196
  b6:	73 eb       	ldi	r23, 0xB3	; 179
  b8:	8a e7       	ldi	r24, 0x7A	; 122
  ba:	9b e2       	ldi	r25, 0x2B	; 43
  bc:	af d0       	rcall	.+350    	; 0x21c <tdivide>
  be:	76 2e       	mov	r7, r22
  c0:	29 83       	std	Y+1, r18	; 0x01
  c2:	3a 83       	std	Y+2, r19	; 0x02
  c4:	4b 83       	std	Y+3, r20	; 0x03
  c6:	5c 83       	std	Y+4, r21	; 0x04
C:\Users\fm\AppData\Local\Temp\arduino_build_985260\sketch/tiny5351.c:64
  si5351_mult = output.quot;
  uint32_t l =  output.remainder << 10;
  c8:	69 81       	ldd	r22, Y+1	; 0x01
  ca:	7a 81       	ldd	r23, Y+2	; 0x02
  cc:	8b 81       	ldd	r24, Y+3	; 0x03
  ce:	9c 81       	ldd	r25, Y+4	; 0x04
  d0:	2a e0       	ldi	r18, 0x0A	; 10
  d2:	66 0f       	add	r22, r22
  d4:	77 1f       	adc	r23, r23
  d6:	88 1f       	adc	r24, r24
  d8:	99 1f       	adc	r25, r25
  da:	2a 95       	dec	r18
  dc:	d1 f7       	brne	.-12     	; 0xd2 <__stack+0x33>
C:\Users\fm\AppData\Local\Temp\arduino_build_985260\sketch/tiny5351.c:65
  output = tdivide(l, freq);
  de:	a5 01       	movw	r20, r10
  e0:	94 01       	movw	r18, r8
  e2:	9c d0       	rcall	.+312    	; 0x21c <tdivide>
  e4:	29 83       	std	Y+1, r18	; 0x01
  e6:	3a 83       	std	Y+2, r19	; 0x02
  e8:	4b 83       	std	Y+3, r20	; 0x03
  ea:	5c 83       	std	Y+4, r21	; 0x04
  ec:	6d 83       	std	Y+5, r22	; 0x05
  ee:	7e 83       	std	Y+6, r23	; 0x06
  f0:	8f 83       	std	Y+7, r24	; 0x07
  f2:	98 87       	std	Y+8, r25	; 0x08
C:\Users\fm\AppData\Local\Temp\arduino_build_985260\sketch/tiny5351.c:67
  l = output.quot;
  l = l << 10;
  f4:	2d 81       	ldd	r18, Y+5	; 0x05
  f6:	3e 81       	ldd	r19, Y+6	; 0x06
  f8:	4f 81       	ldd	r20, Y+7	; 0x07
  fa:	58 85       	ldd	r21, Y+8	; 0x08
  fc:	6a e0       	ldi	r22, 0x0A	; 10
  fe:	22 0f       	add	r18, r18
 100:	33 1f       	adc	r19, r19
 102:	44 1f       	adc	r20, r20
 104:	55 1f       	adc	r21, r21
 106:	6a 95       	dec	r22
 108:	d1 f7       	brne	.-12     	; 0xfe <__stack+0x5f>
C:\Users\fm\AppData\Local\Temp\arduino_build_985260\sketch/tiny5351.c:70
  uint32_t num = l;
  const uint32_t denom = 0xFFFFF;
  setupPLL((SI_SYNTH_MS_0 + (8 * clk)), si5351_mult, num, denom, R_DIV_NA);
 10a:	ee 24       	eor	r14, r14
 10c:	ea 94       	dec	r14
 10e:	fe 2c       	mov	r15, r14
 110:	0f e0       	ldi	r16, 0x0F	; 15
 112:	10 e0       	ldi	r17, 0x00	; 0
 114:	67 2d       	mov	r22, r7
 116:	8a e2       	ldi	r24, 0x2A	; 42
 118:	b7 d0       	rcall	.+366    	; 0x288 <setupPLL.constprop.1>
C:\Users\fm\AppData\Local\Temp\arduino_build_985260\sketch/tiny5351.c:72
  //i2cSendRegister((SI_CLK0_CONTROL + clk), (0x4C + SI_outPWR) | SI_CLK_SRC_PLL_A);
  i2cSendRegister((SI_CLK0_CONTROL + clk), (0x4D) | SI_CLK_SRC_PLL_A);
 11a:	6d e4       	ldi	r22, 0x4D	; 77
 11c:	80 e1       	ldi	r24, 0x10	; 16
 11e:	a5 d0       	rcall	.+330    	; 0x26a <i2cSendRegister>
C:\Users\fm\AppData\Local\Temp\arduino_build_985260\sketch/tiny5351.c:73
  if (res == 254) {
 120:	8e ef       	ldi	r24, 0xFE	; 254
 122:	c8 12       	cpse	r12, r24
 124:	06 c0       	rjmp	.+12     	; 0x132 <__stack+0x93>
C:\Users\fm\AppData\Local\Temp\arduino_build_985260\sketch/tiny5351.c:74
    i2cSendRegister(SI_PLL_RESET, 0xA0);
 126:	60 ea       	ldi	r22, 0xA0	; 160
 128:	81 eb       	ldi	r24, 0xB1	; 177
 12a:	9f d0       	rcall	.+318    	; 0x26a <i2cSendRegister>
C:\Users\fm\AppData\Local\Temp\arduino_build_985260\sketch/tiny5351.c:75
    i2cSendRegister(SI_CLK_OE,  ~(1 << clk));
 12c:	6e ef       	ldi	r22, 0xFE	; 254
 12e:	83 e0       	ldi	r24, 0x03	; 3
 130:	9c d0       	rcall	.+312    	; 0x26a <i2cSendRegister>
C:\Users\fm\AppData\Local\Temp\arduino_build_985260\sketch/tiny5351.c:77
  }
  i2c_exit();
 132:	0f d0       	rcall	.+30     	; 0x152 <i2c_exit>
loop():
C:\github\Karat-M\code\tiny13synt3775/tiny13synt3775.ino:18
    prv_ch = ch;
 134:	d0 92 60 00 	sts	0x0060, r13	; 0x800060 <__DATA_REGION_ORIGIN__>
 138:	8d cf       	rjmp	.-230    	; 0x54 <__SREG__+0x15>

0000013a <__bad_interrupt>:
__vector_1():
 13a:	62 cf       	rjmp	.-316    	; 0x0 <__vectors>

0000013c <i2c_delay_T2>:
i2c_delay_T2():
C:\Users\fm\AppData\Local\Temp\arduino_build_985260\sketch/i2cmaster.S:112
;
; Delay 72 cycles
; 4us 500 ns at 16 MHz
.func i2c_delay_T2	; delay 5.0 microsec with 4 Mhz crystal	
i2c_delay_T2:        ; 4 cycles
    push r18
 13c:	2f 93       	push	r18
C:\Users\fm\AppData\Local\Temp\arduino_build_985260\sketch/i2cmaster.S:113
    ldi  r18, 22
 13e:	26 e1       	ldi	r18, 0x16	; 22

00000140 <L1>:
L1():
C:\Users\fm\AppData\Local\Temp\arduino_build_985260\sketch/i2cmaster.S:114
L1: dec  r18
 140:	2a 95       	dec	r18
C:\Users\fm\AppData\Local\Temp\arduino_build_985260\sketch/i2cmaster.S:115
    brne L1
 142:	f1 f7       	brne	.-4      	; 0x140 <L1>
C:\Users\fm\AppData\Local\Temp\arduino_build_985260\sketch/i2cmaster.S:116
	pop  r18
 144:	2f 91       	pop	r18
C:\Users\fm\AppData\Local\Temp\arduino_build_985260\sketch/i2cmaster.S:117
	ret
 146:	08 95       	ret

00000148 <i2c_init>:
i2c_init():
C:\Users\fm\AppData\Local\Temp\arduino_build_985260\sketch/i2cmaster.S:128
; extern void i2c_init(void)
;*************************************************************************
	.global i2c_init
	.func i2c_init
i2c_init:
	cbi SDA_DDR,SDA		;release SDA
 148:	ba 98       	cbi	0x17, 2	; 23
C:\Users\fm\AppData\Local\Temp\arduino_build_985260\sketch/i2cmaster.S:129
	cbi SCL_DDR,SCL		;release SCL
 14a:	b9 98       	cbi	0x17, 1	; 23
C:\Users\fm\AppData\Local\Temp\arduino_build_985260\sketch/i2cmaster.S:130
	cbi SDA_OUT,SDA
 14c:	c2 98       	cbi	0x18, 2	; 24
C:\Users\fm\AppData\Local\Temp\arduino_build_985260\sketch/i2cmaster.S:131
	cbi SCL_OUT,SCL
 14e:	c1 98       	cbi	0x18, 1	; 24
C:\Users\fm\AppData\Local\Temp\arduino_build_985260\sketch/i2cmaster.S:132
	ret
 150:	08 95       	ret

00000152 <i2c_exit>:
i2c_exit():
C:\Users\fm\AppData\Local\Temp\arduino_build_985260\sketch/i2cmaster.S:143
; extern void i2c_init(void)
;*************************************************************************
	.global i2c_exit
	.func i2c_exit
i2c_exit:
	sbi SDA_DDR,SDA		;make SDA pin output again
 152:	ba 9a       	sbi	0x17, 2	; 23
C:\Users\fm\AppData\Local\Temp\arduino_build_985260\sketch/i2cmaster.S:144
	ret
 154:	08 95       	ret

00000156 <i2c_start>:
i2c_start():
C:\Users\fm\AppData\Local\Temp\arduino_build_985260\sketch/i2cmaster.S:158
;*************************************************************************

	.global i2c_start
	.func   i2c_start
i2c_start:
	sbi 	SDA_DDR,SDA	;force SDA low
 156:	ba 9a       	sbi	0x17, 2	; 23
C:\Users\fm\AppData\Local\Temp\arduino_build_985260\sketch/i2cmaster.S:159
	rcall 	i2c_delay_T2	;delay T/2
 158:	f1 df       	rcall	.-30     	; 0x13c <i2c_delay_T2>
C:\Users\fm\AppData\Local\Temp\arduino_build_985260\sketch/i2cmaster.S:161
	
	rcall 	i2c_write	;write address
 15a:	13 d0       	rcall	.+38     	; 0x182 <i2c_write>
C:\Users\fm\AppData\Local\Temp\arduino_build_985260\sketch/i2cmaster.S:162
	ret
 15c:	08 95       	ret

0000015e <i2c_start_wait>:
i2c_start_wait():
C:\Users\fm\AppData\Local\Temp\arduino_build_985260\sketch/i2cmaster.S:178
;*************************************************************************

	.global i2c_start_wait
	.func   i2c_start_wait
i2c_start_wait:
	mov	__tmp_reg__,r24
 15e:	08 2e       	mov	r0, r24

00000160 <i2c_start_wait1>:
i2c_start_wait1():
C:\Users\fm\AppData\Local\Temp\arduino_build_985260\sketch/i2cmaster.S:180
i2c_start_wait1:
	sbi 	SDA_DDR,SDA	;force SDA low
 160:	ba 9a       	sbi	0x17, 2	; 23
C:\Users\fm\AppData\Local\Temp\arduino_build_985260\sketch/i2cmaster.S:181
	rcall 	i2c_delay_T2	;delay T/2
 162:	ec df       	rcall	.-40     	; 0x13c <i2c_delay_T2>
C:\Users\fm\AppData\Local\Temp\arduino_build_985260\sketch/i2cmaster.S:182
	mov	r24,__tmp_reg__
 164:	80 2d       	mov	r24, r0
C:\Users\fm\AppData\Local\Temp\arduino_build_985260\sketch/i2cmaster.S:183
	rcall 	i2c_write	;write address
 166:	0d d0       	rcall	.+26     	; 0x182 <i2c_write>
C:\Users\fm\AppData\Local\Temp\arduino_build_985260\sketch/i2cmaster.S:184
	tst	r24		;if device not busy -> done
 168:	88 23       	and	r24, r24
C:\Users\fm\AppData\Local\Temp\arduino_build_985260\sketch/i2cmaster.S:185
	breq	i2c_start_wait_done
 16a:	11 f0       	breq	.+4      	; 0x170 <i2c_start_wait_done>
C:\Users\fm\AppData\Local\Temp\arduino_build_985260\sketch/i2cmaster.S:186
	rcall	i2c_stop	;terminate write operation
 16c:	02 d0       	rcall	.+4      	; 0x172 <i2c_stop>
C:\Users\fm\AppData\Local\Temp\arduino_build_985260\sketch/i2cmaster.S:187
	rjmp	i2c_start_wait1	;device busy, poll ack again
 16e:	f8 cf       	rjmp	.-16     	; 0x160 <i2c_start_wait1>

00000170 <i2c_start_wait_done>:
i2c_start_wait_done():
C:\Users\fm\AppData\Local\Temp\arduino_build_985260\sketch/i2cmaster.S:189
i2c_start_wait_done:
	ret
 170:	08 95       	ret

00000172 <i2c_stop>:
i2c_stop():
C:\Users\fm\AppData\Local\Temp\arduino_build_985260\sketch/i2cmaster.S:202
;*************************************************************************

	.global	i2c_stop
	.func	i2c_stop
i2c_stop:
	sbi	SCL_DDR,SCL	;force SCL low
 172:	b9 9a       	sbi	0x17, 1	; 23
C:\Users\fm\AppData\Local\Temp\arduino_build_985260\sketch/i2cmaster.S:203
	sbi	SDA_DDR,SDA	;force SDA low
 174:	ba 9a       	sbi	0x17, 2	; 23
C:\Users\fm\AppData\Local\Temp\arduino_build_985260\sketch/i2cmaster.S:204
	rcall	i2c_delay_T2	;delay T/2
 176:	e2 df       	rcall	.-60     	; 0x13c <i2c_delay_T2>
C:\Users\fm\AppData\Local\Temp\arduino_build_985260\sketch/i2cmaster.S:205
	cbi	SCL_DDR,SCL	;release SCL
 178:	b9 98       	cbi	0x17, 1	; 23
C:\Users\fm\AppData\Local\Temp\arduino_build_985260\sketch/i2cmaster.S:206
	rcall	i2c_delay_T2	;delay T/2
 17a:	e0 df       	rcall	.-64     	; 0x13c <i2c_delay_T2>
C:\Users\fm\AppData\Local\Temp\arduino_build_985260\sketch/i2cmaster.S:207
	cbi	SDA_DDR,SDA	;release SDA
 17c:	ba 98       	cbi	0x17, 2	; 23
C:\Users\fm\AppData\Local\Temp\arduino_build_985260\sketch/i2cmaster.S:208
	rcall	i2c_delay_T2	;delay T/2
 17e:	de df       	rcall	.-68     	; 0x13c <i2c_delay_T2>
C:\Users\fm\AppData\Local\Temp\arduino_build_985260\sketch/i2cmaster.S:209
	ret
 180:	08 95       	ret

00000182 <i2c_write>:
i2c_write():
C:\Users\fm\AppData\Local\Temp\arduino_build_985260\sketch/i2cmaster.S:223
;	data = r24,  return = r25(=0):r24
;*************************************************************************
	.global i2c_write
	.func	i2c_write
i2c_write:
	sec			;set carry flag
 182:	08 94       	sec
C:\Users\fm\AppData\Local\Temp\arduino_build_985260\sketch/i2cmaster.S:224
	rol 	r24		;shift in carry and out bit one
 184:	88 1f       	adc	r24, r24
C:\Users\fm\AppData\Local\Temp\arduino_build_985260\sketch/i2cmaster.S:225
	rjmp	i2c_write_first
 186:	01 c0       	rjmp	.+2      	; 0x18a <i2c_write_first>

00000188 <i2c_write_bit>:
i2c_write_bit():
C:\Users\fm\AppData\Local\Temp\arduino_build_985260\sketch/i2cmaster.S:227
i2c_write_bit:
	lsl	r24		;if transmit register empty
 188:	88 0f       	add	r24, r24

0000018a <i2c_write_first>:
i2c_write_first():
C:\Users\fm\AppData\Local\Temp\arduino_build_985260\sketch/i2cmaster.S:229
i2c_write_first:
	breq	i2c_get_ack
 18a:	59 f0       	breq	.+22     	; 0x1a2 <i2c_get_ack>
C:\Users\fm\AppData\Local\Temp\arduino_build_985260\sketch/i2cmaster.S:230
	sbi	SCL_DDR,SCL	;force SCL low
 18c:	b9 9a       	sbi	0x17, 1	; 23
C:\Users\fm\AppData\Local\Temp\arduino_build_985260\sketch/i2cmaster.S:231
	brcc	i2c_write_low
 18e:	18 f4       	brcc	.+6      	; 0x196 <i2c_write_low>
C:\Users\fm\AppData\Local\Temp\arduino_build_985260\sketch/i2cmaster.S:232
	nop
 190:	00 00       	nop
C:\Users\fm\AppData\Local\Temp\arduino_build_985260\sketch/i2cmaster.S:233
	cbi	SDA_DDR,SDA	;release SDA
 192:	ba 98       	cbi	0x17, 2	; 23
C:\Users\fm\AppData\Local\Temp\arduino_build_985260\sketch/i2cmaster.S:234
	rjmp	i2c_write_high
 194:	02 c0       	rjmp	.+4      	; 0x19a <i2c_write_high>

00000196 <i2c_write_low>:
i2c_write_low():
C:\Users\fm\AppData\Local\Temp\arduino_build_985260\sketch/i2cmaster.S:236
i2c_write_low:
	sbi	SDA_DDR,SDA	;force SDA low
 196:	ba 9a       	sbi	0x17, 2	; 23
C:\Users\fm\AppData\Local\Temp\arduino_build_985260\sketch/i2cmaster.S:237
	rjmp	i2c_write_high
 198:	00 c0       	rjmp	.+0      	; 0x19a <i2c_write_high>

0000019a <i2c_write_high>:
i2c_write_high():
C:\Users\fm\AppData\Local\Temp\arduino_build_985260\sketch/i2cmaster.S:239
i2c_write_high:
	rcall 	i2c_delay_T2	;delay T/2
 19a:	d0 df       	rcall	.-96     	; 0x13c <i2c_delay_T2>
C:\Users\fm\AppData\Local\Temp\arduino_build_985260\sketch/i2cmaster.S:240
	cbi	SCL_DDR,SCL	;release SCL
 19c:	b9 98       	cbi	0x17, 1	; 23
C:\Users\fm\AppData\Local\Temp\arduino_build_985260\sketch/i2cmaster.S:241
	rcall	i2c_delay_T2	;delay T/2
 19e:	ce df       	rcall	.-100    	; 0x13c <i2c_delay_T2>
C:\Users\fm\AppData\Local\Temp\arduino_build_985260\sketch/i2cmaster.S:242
	rjmp	i2c_write_bit
 1a0:	f3 cf       	rjmp	.-26     	; 0x188 <i2c_write_bit>

000001a2 <i2c_get_ack>:
i2c_get_ack():
C:\Users\fm\AppData\Local\Temp\arduino_build_985260\sketch/i2cmaster.S:245
	
i2c_get_ack:
	sbi	SCL_DDR,SCL	;force SCL low
 1a2:	b9 9a       	sbi	0x17, 1	; 23
C:\Users\fm\AppData\Local\Temp\arduino_build_985260\sketch/i2cmaster.S:246
	cbi	SDA_DDR,SDA	;release SDA
 1a4:	ba 98       	cbi	0x17, 2	; 23
C:\Users\fm\AppData\Local\Temp\arduino_build_985260\sketch/i2cmaster.S:247
	rcall	i2c_delay_T2	;delay T/2
 1a6:	ca df       	rcall	.-108    	; 0x13c <i2c_delay_T2>
C:\Users\fm\AppData\Local\Temp\arduino_build_985260\sketch/i2cmaster.S:248
	cbi	SCL_DDR,SCL	;release SCL
 1a8:	b9 98       	cbi	0x17, 1	; 23

000001aa <i2c_ack_wait>:
i2c_ack_wait():
C:\Users\fm\AppData\Local\Temp\arduino_build_985260\sketch/i2cmaster.S:251
i2c_ack_wait:
    ;ret
	sbis	SCL_IN,SCL	;wait SCL high (in case wait states are inserted)
 1aa:	b1 9b       	sbis	0x16, 1	; 22
C:\Users\fm\AppData\Local\Temp\arduino_build_985260\sketch/i2cmaster.S:252
	rjmp	i2c_ack_wait
 1ac:	fe cf       	rjmp	.-4      	; 0x1aa <i2c_ack_wait>
C:\Users\fm\AppData\Local\Temp\arduino_build_985260\sketch/i2cmaster.S:254
	
	clr	r24		;return 0
 1ae:	88 27       	eor	r24, r24
C:\Users\fm\AppData\Local\Temp\arduino_build_985260\sketch/i2cmaster.S:255
	sbic	SDA_IN,SDA	;if SDA high -> return 1
 1b0:	b2 99       	sbic	0x16, 2	; 22
C:\Users\fm\AppData\Local\Temp\arduino_build_985260\sketch/i2cmaster.S:256
	ldi	r24,1
 1b2:	81 e0       	ldi	r24, 0x01	; 1
C:\Users\fm\AppData\Local\Temp\arduino_build_985260\sketch/i2cmaster.S:257
	rcall	i2c_delay_T2	;delay T/2
 1b4:	c3 df       	rcall	.-122    	; 0x13c <i2c_delay_T2>
C:\Users\fm\AppData\Local\Temp\arduino_build_985260\sketch/i2cmaster.S:258
	clr	r25
 1b6:	99 27       	eor	r25, r25
C:\Users\fm\AppData\Local\Temp\arduino_build_985260\sketch/i2cmaster.S:259
	ret
 1b8:	08 95       	ret

000001ba <tmultiply>:
tmultiply():
C:\Users\fm\AppData\Local\Temp\arduino_build_985260\sketch/slimmath.S:17
;;  Arg 1 in R25-R24-r23-r22
;;  Arg 2 in R21-R20-r19-r18
;;  return in R25-r24-r23-r22-r21-r20-r19-r18 

tmultiply:
        push    r2              ; save working registers
 1ba:	2f 92       	push	r2
C:\Users\fm\AppData\Local\Temp\arduino_build_985260\sketch/slimmath.S:18
        push    r3              ; 
 1bc:	3f 92       	push	r3
C:\Users\fm\AppData\Local\Temp\arduino_build_985260\sketch/slimmath.S:19
        push    r4
 1be:	4f 92       	push	r4
C:\Users\fm\AppData\Local\Temp\arduino_build_985260\sketch/slimmath.S:20
        push    r5
 1c0:	5f 92       	push	r5
C:\Users\fm\AppData\Local\Temp\arduino_build_985260\sketch/slimmath.S:21
		push    r6
 1c2:	6f 92       	push	r6
C:\Users\fm\AppData\Local\Temp\arduino_build_985260\sketch/slimmath.S:22
		push    r7
 1c4:	7f 92       	push	r7
C:\Users\fm\AppData\Local\Temp\arduino_build_985260\sketch/slimmath.S:23
        push    r16
 1c6:	0f 93       	push	r16
C:\Users\fm\AppData\Local\Temp\arduino_build_985260\sketch/slimmath.S:30
		
        ;CLR   r0         ;Initialize Answer to zero 
        ;CLR   r1         ;
        ;CLR   r2         ;
        ;CLR   r3         ; 
        CLR   r4         ;
 1c8:	44 24       	eor	r4, r4
C:\Users\fm\AppData\Local\Temp\arduino_build_985260\sketch/slimmath.S:31
        CLR   r5         ;
 1ca:	55 24       	eor	r5, r5
C:\Users\fm\AppData\Local\Temp\arduino_build_985260\sketch/slimmath.S:32
        CLR   r6         ;
 1cc:	66 24       	eor	r6, r6
C:\Users\fm\AppData\Local\Temp\arduino_build_985260\sketch/slimmath.S:33
        SUB   r7,r7    ;Clear r7 and Carry Flag
 1ce:	77 18       	sub	r7, r7
C:\Users\fm\AppData\Local\Temp\arduino_build_985260\sketch/slimmath.S:34
        MOV   r0,r22      ;Copy Multiplier to Answer
 1d0:	06 2e       	mov	r0, r22
C:\Users\fm\AppData\Local\Temp\arduino_build_985260\sketch/slimmath.S:35
        MOV   r1,r23      ;
 1d2:	17 2e       	mov	r1, r23
C:\Users\fm\AppData\Local\Temp\arduino_build_985260\sketch/slimmath.S:36
        MOV   r2,r24      ;
 1d4:	28 2e       	mov	r2, r24
C:\Users\fm\AppData\Local\Temp\arduino_build_985260\sketch/slimmath.S:37
        MOV   r3,r25      ; 
 1d6:	39 2e       	mov	r3, r25
C:\Users\fm\AppData\Local\Temp\arduino_build_985260\sketch/slimmath.S:38
        LDI   r16,33         ;Set Loop Counter to 33 
 1d8:	01 e2       	ldi	r16, 0x21	; 33

000001da <LOOP>:
LOOP():
C:\Users\fm\AppData\Local\Temp\arduino_build_985260\sketch/slimmath.S:40
LOOP: 
        ROR   r3         ;Shift Multiplier to right
 1da:	37 94       	ror	r3
C:\Users\fm\AppData\Local\Temp\arduino_build_985260\sketch/slimmath.S:41
        ROR   r2         ;
 1dc:	27 94       	ror	r2
C:\Users\fm\AppData\Local\Temp\arduino_build_985260\sketch/slimmath.S:42
        ROR   r1         ;
 1de:	17 94       	ror	r1
C:\Users\fm\AppData\Local\Temp\arduino_build_985260\sketch/slimmath.S:43
        ROR   r0         ;
 1e0:	07 94       	ror	r0
C:\Users\fm\AppData\Local\Temp\arduino_build_985260\sketch/slimmath.S:44
        DEC   r16            ;Decrement Loop Counter 
 1e2:	0a 95       	dec	r16
C:\Users\fm\AppData\Local\Temp\arduino_build_985260\sketch/slimmath.S:45
        BREQ DONE         ;Check if all bits processed 
 1e4:	51 f0       	breq	.+20     	; 0x1fa <DONE>
C:\Users\fm\AppData\Local\Temp\arduino_build_985260\sketch/slimmath.S:46
        BRCC SKIP        ;If Carry Clear skip addition
 1e6:	20 f4       	brcc	.+8      	; 0x1f0 <SKIP>
C:\Users\fm\AppData\Local\Temp\arduino_build_985260\sketch/slimmath.S:47
        ADD   r4,r18      ;Add Multipicand into Answer
 1e8:	42 0e       	add	r4, r18
C:\Users\fm\AppData\Local\Temp\arduino_build_985260\sketch/slimmath.S:48
        ADC   r5,r19      ;
 1ea:	53 1e       	adc	r5, r19
C:\Users\fm\AppData\Local\Temp\arduino_build_985260\sketch/slimmath.S:49
        ADC   r6,r20      ;
 1ec:	64 1e       	adc	r6, r20
C:\Users\fm\AppData\Local\Temp\arduino_build_985260\sketch/slimmath.S:50
        ADC   r7,r21      ;
 1ee:	75 1e       	adc	r7, r21

000001f0 <SKIP>:
SKIP():
C:\Users\fm\AppData\Local\Temp\arduino_build_985260\sketch/slimmath.S:52
SKIP:
        ROR   r7         ;Shift high bytes of Answer
 1f0:	77 94       	ror	r7
C:\Users\fm\AppData\Local\Temp\arduino_build_985260\sketch/slimmath.S:53
        ROR   r6         ;
 1f2:	67 94       	ror	r6
C:\Users\fm\AppData\Local\Temp\arduino_build_985260\sketch/slimmath.S:54
        ROR   r5         ;
 1f4:	57 94       	ror	r5
C:\Users\fm\AppData\Local\Temp\arduino_build_985260\sketch/slimmath.S:55
        ROR   r4         ;
 1f6:	47 94       	ror	r4
C:\Users\fm\AppData\Local\Temp\arduino_build_985260\sketch/slimmath.S:56
        RJMP LOOP
 1f8:	f0 cf       	rjmp	.-32     	; 0x1da <LOOP>

000001fa <DONE>:
DONE():
C:\Users\fm\AppData\Local\Temp\arduino_build_985260\sketch/slimmath.S:58
DONE:
		MOV   r25,r7      ;
 1fa:	97 2d       	mov	r25, r7
C:\Users\fm\AppData\Local\Temp\arduino_build_985260\sketch/slimmath.S:59
        MOV   r24,r6      ;
 1fc:	86 2d       	mov	r24, r6
C:\Users\fm\AppData\Local\Temp\arduino_build_985260\sketch/slimmath.S:60
        MOV   r23,r5      ;
 1fe:	75 2d       	mov	r23, r5
C:\Users\fm\AppData\Local\Temp\arduino_build_985260\sketch/slimmath.S:61
        MOV   r22,r4      ; 
 200:	64 2d       	mov	r22, r4
C:\Users\fm\AppData\Local\Temp\arduino_build_985260\sketch/slimmath.S:62
		MOV   r21,r3      ;
 202:	53 2d       	mov	r21, r3
C:\Users\fm\AppData\Local\Temp\arduino_build_985260\sketch/slimmath.S:63
        MOV   r20,r2      ;
 204:	42 2d       	mov	r20, r2
C:\Users\fm\AppData\Local\Temp\arduino_build_985260\sketch/slimmath.S:64
        MOV   r19,r1      ;
 206:	31 2d       	mov	r19, r1
C:\Users\fm\AppData\Local\Temp\arduino_build_985260\sketch/slimmath.S:65
        MOV   r18,r0      ; 
 208:	20 2d       	mov	r18, r0
C:\Users\fm\AppData\Local\Temp\arduino_build_985260\sketch/slimmath.S:67
		;; restore registers
        pop     r16
 20a:	0f 91       	pop	r16
C:\Users\fm\AppData\Local\Temp\arduino_build_985260\sketch/slimmath.S:68
		pop     r7
 20c:	7f 90       	pop	r7
C:\Users\fm\AppData\Local\Temp\arduino_build_985260\sketch/slimmath.S:69
		pop     r6
 20e:	6f 90       	pop	r6
C:\Users\fm\AppData\Local\Temp\arduino_build_985260\sketch/slimmath.S:70
        pop     r5
 210:	5f 90       	pop	r5
C:\Users\fm\AppData\Local\Temp\arduino_build_985260\sketch/slimmath.S:71
        pop     r4
 212:	4f 90       	pop	r4
C:\Users\fm\AppData\Local\Temp\arduino_build_985260\sketch/slimmath.S:72
        pop     r3
 214:	3f 90       	pop	r3
C:\Users\fm\AppData\Local\Temp\arduino_build_985260\sketch/slimmath.S:73
        pop     r2
 216:	2f 90       	pop	r2
C:\Users\fm\AppData\Local\Temp\arduino_build_985260\sketch/slimmath.S:74
        clr     r1              ; clear zero register
 218:	11 24       	eor	r1, r1
C:\Users\fm\AppData\Local\Temp\arduino_build_985260\sketch/slimmath.S:75
		RET
 21a:	08 95       	ret

0000021c <tdivide>:
tdivide():
C:\Users\fm\AppData\Local\Temp\arduino_build_985260\sketch/slimmath.S:83
;         Start of 32 % 32 bit division             *
;   http://www.avrfreaks.net/comment/4819#comment-4819    *
;************************************************************
 ; Dividend will hold the integer result
tdivide: 
	push    r2              ; save working registers
 21c:	2f 92       	push	r2
C:\Users\fm\AppData\Local\Temp\arduino_build_985260\sketch/slimmath.S:84
	push    r3              ; 
 21e:	3f 92       	push	r3
C:\Users\fm\AppData\Local\Temp\arduino_build_985260\sketch/slimmath.S:85
	push    r16
 220:	0f 93       	push	r16
C:\Users\fm\AppData\Local\Temp\arduino_build_985260\sketch/slimmath.S:86
	clr     r3       ; clear  register
 222:	33 24       	eor	r3, r3
C:\Users\fm\AppData\Local\Temp\arduino_build_985260\sketch/slimmath.S:87
	clr     r2       ; clear  register
 224:	22 24       	eor	r2, r2
C:\Users\fm\AppData\Local\Temp\arduino_build_985260\sketch/slimmath.S:88
	clr     r1       ; clear  register
 226:	11 24       	eor	r1, r1
C:\Users\fm\AppData\Local\Temp\arduino_build_985260\sketch/slimmath.S:89
	clr     r0       ; clear  register	
 228:	00 24       	eor	r0, r0
C:\Users\fm\AppData\Local\Temp\arduino_build_985260\sketch/slimmath.S:90
    ldi    r16,33                      ;1   init loop counter 
 22a:	01 e2       	ldi	r16, 0x21	; 33

0000022c <tdivide_label1>:
tdivide_label1():
C:\Users\fm\AppData\Local\Temp\arduino_build_985260\sketch/slimmath.S:92
tdivide_label1: 
    sec                                    ;1   set carry 
 22c:	08 94       	sec

0000022e <tdivide_label2>:
tdivide_label2():
C:\Users\fm\AppData\Local\Temp\arduino_build_985260\sketch/slimmath.S:94
tdivide_label2: 
    ROL    r22                       ;1   shift left dividend 
 22e:	66 1f       	adc	r22, r22
C:\Users\fm\AppData\Local\Temp\arduino_build_985260\sketch/slimmath.S:95
    ROL    r23                       ;1 
 230:	77 1f       	adc	r23, r23
C:\Users\fm\AppData\Local\Temp\arduino_build_985260\sketch/slimmath.S:96
    ROL    r24                       ;1 
 232:	88 1f       	adc	r24, r24
C:\Users\fm\AppData\Local\Temp\arduino_build_985260\sketch/slimmath.S:97
    ROL    r25                       ;1 
 234:	99 1f       	adc	r25, r25
C:\Users\fm\AppData\Local\Temp\arduino_build_985260\sketch/slimmath.S:100
    ;rol    dividend5
    ;rol    dividend6
    dec    r16                         ;1 
 236:	0a 95       	dec	r16
C:\Users\fm\AppData\Local\Temp\arduino_build_985260\sketch/slimmath.S:101
    brne   tdivide_label3                ;1/2 
 238:	49 f4       	brne	.+18     	; 0x24c <tdivide_label3>
C:\Users\fm\AppData\Local\Temp\arduino_build_985260\sketch/slimmath.S:103
	;shape up structures
	MOV   r21,r3      ;
 23a:	53 2d       	mov	r21, r3
C:\Users\fm\AppData\Local\Temp\arduino_build_985260\sketch/slimmath.S:104
	MOV   r20,r2      ;
 23c:	42 2d       	mov	r20, r2
C:\Users\fm\AppData\Local\Temp\arduino_build_985260\sketch/slimmath.S:105
	MOV   r19,r1      ;
 23e:	31 2d       	mov	r19, r1
C:\Users\fm\AppData\Local\Temp\arduino_build_985260\sketch/slimmath.S:106
	MOV   r18,r0      ; 
 240:	20 2d       	mov	r18, r0
C:\Users\fm\AppData\Local\Temp\arduino_build_985260\sketch/slimmath.S:109

	;; restore registers
	pop     r16
 242:	0f 91       	pop	r16
C:\Users\fm\AppData\Local\Temp\arduino_build_985260\sketch/slimmath.S:110
	pop     r3
 244:	3f 90       	pop	r3
C:\Users\fm\AppData\Local\Temp\arduino_build_985260\sketch/slimmath.S:111
	pop     r2
 246:	2f 90       	pop	r2
C:\Users\fm\AppData\Local\Temp\arduino_build_985260\sketch/slimmath.S:112
	clr     r1              ; clear zero register	
 248:	11 24       	eor	r1, r1
C:\Users\fm\AppData\Local\Temp\arduino_build_985260\sketch/slimmath.S:113
    ret                                    ;4 
 24a:	08 95       	ret

0000024c <tdivide_label3>:
tdivide_label3():
C:\Users\fm\AppData\Local\Temp\arduino_build_985260\sketch/slimmath.S:116

tdivide_label3: 
    rol    r0                      ;1 
 24c:	00 1c       	adc	r0, r0
C:\Users\fm\AppData\Local\Temp\arduino_build_985260\sketch/slimmath.S:117
    rol    r1                      ;1 
 24e:	11 1c       	adc	r1, r1
C:\Users\fm\AppData\Local\Temp\arduino_build_985260\sketch/slimmath.S:118
    rol    r2                      ;1 
 250:	22 1c       	adc	r2, r2
C:\Users\fm\AppData\Local\Temp\arduino_build_985260\sketch/slimmath.S:119
    rol    r3                      ;1
 252:	33 1c       	adc	r3, r3
C:\Users\fm\AppData\Local\Temp\arduino_build_985260\sketch/slimmath.S:122
    ;rol    remainder5
    ;rol    remainder6
    sub    r0,r18             ;1   rem -= divisor 
 254:	02 1a       	sub	r0, r18
C:\Users\fm\AppData\Local\Temp\arduino_build_985260\sketch/slimmath.S:123
    sbc    r1,r19             ;1 
 256:	13 0a       	sbc	r1, r19
C:\Users\fm\AppData\Local\Temp\arduino_build_985260\sketch/slimmath.S:124
    sbc    r2,r20             ;1 
 258:	24 0a       	sbc	r2, r20
C:\Users\fm\AppData\Local\Temp\arduino_build_985260\sketch/slimmath.S:125
    sbc    r3,r21             ;1 
 25a:	35 0a       	sbc	r3, r21
C:\Users\fm\AppData\Local\Temp\arduino_build_985260\sketch/slimmath.S:128
    ;sbc    remainder5,divisor5
    ;sbc    remainder6,divisor6
    brcc   tdivide_label1                ;1/2 if res < 0 
 25c:	38 f7       	brcc	.-50     	; 0x22c <tdivide_label1>
C:\Users\fm\AppData\Local\Temp\arduino_build_985260\sketch/slimmath.S:129
    add    r0,r18             ;1   restore remainder 
 25e:	02 0e       	add	r0, r18
C:\Users\fm\AppData\Local\Temp\arduino_build_985260\sketch/slimmath.S:130
    adc    r1,r19             ;1 
 260:	13 1e       	adc	r1, r19
C:\Users\fm\AppData\Local\Temp\arduino_build_985260\sketch/slimmath.S:131
    adc    r2,r20             ;1 
 262:	24 1e       	adc	r2, r20
C:\Users\fm\AppData\Local\Temp\arduino_build_985260\sketch/slimmath.S:132
    adc    r3,r21             ;1 
 264:	35 1e       	adc	r3, r21
C:\Users\fm\AppData\Local\Temp\arduino_build_985260\sketch/slimmath.S:135
    ;adc    remainder5,divisor5
    ;adc    remainder6,divisor6 
    clc                                    ;1   clear carry 
 266:	88 94       	clc
C:\Users\fm\AppData\Local\Temp\arduino_build_985260\sketch/slimmath.S:136
    rjmp   tdivide_label2                ;2 
 268:	e2 cf       	rjmp	.-60     	; 0x22e <tdivide_label2>

0000026a <i2cSendRegister>:
i2cSendRegister():
C:\Users\fm\AppData\Local\Temp\arduino_build_985260\sketch/tiny5351.c:13
#define I2C_WRITE 0b11000000
#define I2C_READ  0b11000001


uint8_t i2cSendRegister(uint8_t reg, uint8_t data)
{
 26a:	cf 93       	push	r28
 26c:	df 93       	push	r29
 26e:	d8 2f       	mov	r29, r24
 270:	c6 2f       	mov	r28, r22
C:\Users\fm\AppData\Local\Temp\arduino_build_985260\sketch/tiny5351.c:14
  i2c_start_wait(I2C_WRITE);
 272:	80 ec       	ldi	r24, 0xC0	; 192
 274:	74 df       	rcall	.-280    	; 0x15e <i2c_start_wait>
C:\Users\fm\AppData\Local\Temp\arduino_build_985260\sketch/tiny5351.c:15
  i2c_write(reg);
 276:	8d 2f       	mov	r24, r29
 278:	84 df       	rcall	.-248    	; 0x182 <i2c_write>
C:\Users\fm\AppData\Local\Temp\arduino_build_985260\sketch/tiny5351.c:16
  i2c_write(data);
 27a:	8c 2f       	mov	r24, r28
 27c:	82 df       	rcall	.-252    	; 0x182 <i2c_write>
C:\Users\fm\AppData\Local\Temp\arduino_build_985260\sketch/tiny5351.c:17
  i2c_stop();
 27e:	79 df       	rcall	.-270    	; 0x172 <i2c_stop>
C:\Users\fm\AppData\Local\Temp\arduino_build_985260\sketch/tiny5351.c:19
  return 0;
}
 280:	80 e0       	ldi	r24, 0x00	; 0
 282:	df 91       	pop	r29
 284:	cf 91       	pop	r28
 286:	08 95       	ret

00000288 <setupPLL.constprop.1>:
setupPLL():
C:\Users\fm\AppData\Local\Temp\arduino_build_985260\sketch/tiny5351.c:21

static void setupPLL( uint8_t pll, uint8_t mult, uint32_t num, uint32_t denom, uint8_t rDiv)
 288:	2f 92       	push	r2
 28a:	3f 92       	push	r3
 28c:	4f 92       	push	r4
 28e:	5f 92       	push	r5
 290:	6f 92       	push	r6
 292:	7f 92       	push	r7
 294:	8f 92       	push	r8
 296:	9f 92       	push	r9
 298:	af 92       	push	r10
 29a:	bf 92       	push	r11
 29c:	cf 92       	push	r12
 29e:	df 92       	push	r13
 2a0:	ef 92       	push	r14
 2a2:	ff 92       	push	r15
 2a4:	0f 93       	push	r16
 2a6:	1f 93       	push	r17
 2a8:	cf 93       	push	r28
 2aa:	df 93       	push	r29
 2ac:	cd b7       	in	r28, 0x3d	; 61
 2ae:	dd 27       	eor	r29, r29
 2b0:	c0 51       	subi	r28, 0x10	; 16
 2b2:	cd bf       	out	0x3d, r28	; 61
 2b4:	28 2e       	mov	r2, r24
 2b6:	36 2e       	mov	r3, r22
 2b8:	67 01       	movw	r12, r14
 2ba:	78 01       	movw	r14, r16
C:\Users\fm\AppData\Local\Temp\arduino_build_985260\sketch/tiny5351.c:27
{
  uint32_t P1;
  uint32_t P2;
  uint32_t P3;

  uint32_t mulresult = num << 7;
 2bc:	29 01       	movw	r4, r18
 2be:	3a 01       	movw	r6, r20
 2c0:	87 e0       	ldi	r24, 0x07	; 7
 2c2:	44 0c       	add	r4, r4
 2c4:	55 1c       	adc	r5, r5
 2c6:	66 1c       	adc	r6, r6
 2c8:	77 1c       	adc	r7, r7
 2ca:	8a 95       	dec	r24
 2cc:	d1 f7       	brne	.-12     	; 0x2c2 <setupPLL.constprop.1+0x3a>
C:\Users\fm\AppData\Local\Temp\arduino_build_985260\sketch/tiny5351.c:28
  div_result output = tdivide(mulresult, denom);
 2ce:	a8 01       	movw	r20, r16
 2d0:	96 01       	movw	r18, r12
 2d2:	c3 01       	movw	r24, r6
 2d4:	b2 01       	movw	r22, r4
 2d6:	a2 df       	rcall	.-188    	; 0x21c <tdivide>
 2d8:	6d 83       	std	Y+5, r22	; 0x05
 2da:	7e 83       	std	Y+6, r23	; 0x06
 2dc:	8f 83       	std	Y+7, r24	; 0x07
 2de:	98 87       	std	Y+8, r25	; 0x08
C:\Users\fm\AppData\Local\Temp\arduino_build_985260\sketch/tiny5351.c:29
  uint32_t term =  output.quot;
 2e0:	8d 80       	ldd	r8, Y+5	; 0x05
 2e2:	9e 80       	ldd	r9, Y+6	; 0x06
 2e4:	af 80       	ldd	r10, Y+7	; 0x07
 2e6:	b8 84       	ldd	r11, Y+8	; 0x08
C:\Users\fm\AppData\Local\Temp\arduino_build_985260\sketch/tiny5351.c:30
  uint32_t mulresultmix = tmultiply(denom, term);
 2e8:	a5 01       	movw	r20, r10
 2ea:	94 01       	movw	r18, r8
 2ec:	c8 01       	movw	r24, r16
 2ee:	b6 01       	movw	r22, r12
 2f0:	64 df       	rcall	.-312    	; 0x1ba <tmultiply>
 2f2:	29 87       	std	Y+9, r18	; 0x09
 2f4:	3a 87       	std	Y+10, r19	; 0x0a
 2f6:	4b 87       	std	Y+11, r20	; 0x0b
 2f8:	5c 87       	std	Y+12, r21	; 0x0c
 2fa:	6d 87       	std	Y+13, r22	; 0x0d
 2fc:	7e 87       	std	Y+14, r23	; 0x0e
 2fe:	8f 87       	std	Y+15, r24	; 0x0f
 300:	98 8b       	std	Y+16, r25	; 0x10
C:\Users\fm\AppData\Local\Temp\arduino_build_985260\sketch/tiny5351.c:31
  P2 = mulresult - mulresultmix;
 302:	89 85       	ldd	r24, Y+9	; 0x09
 304:	9a 85       	ldd	r25, Y+10	; 0x0a
 306:	ab 85       	ldd	r26, Y+11	; 0x0b
 308:	bc 85       	ldd	r27, Y+12	; 0x0c
 30a:	48 1a       	sub	r4, r24
 30c:	59 0a       	sbc	r5, r25
 30e:	6a 0a       	sbc	r6, r26
 310:	7b 0a       	sbc	r7, r27
C:\Users\fm\AppData\Local\Temp\arduino_build_985260\sketch/tiny5351.c:32
  mulresult = mult << 7;
 312:	83 2d       	mov	r24, r3
 314:	90 e0       	ldi	r25, 0x00	; 0
 316:	96 95       	lsr	r25
 318:	98 2f       	mov	r25, r24
 31a:	88 27       	eor	r24, r24
 31c:	97 95       	ror	r25
 31e:	87 95       	ror	r24
 320:	09 2e       	mov	r0, r25
 322:	00 0c       	add	r0, r0
 324:	aa 0b       	sbc	r26, r26
 326:	bb 0b       	sbc	r27, r27
C:\Users\fm\AppData\Local\Temp\arduino_build_985260\sketch/tiny5351.c:33
  P1 = mulresult + term - 512;
 328:	22 e0       	ldi	r18, 0x02	; 2
 32a:	92 1a       	sub	r9, r18
 32c:	a1 08       	sbc	r10, r1
 32e:	b1 08       	sbc	r11, r1
 330:	88 0e       	add	r8, r24
 332:	99 1e       	adc	r9, r25
 334:	aa 1e       	adc	r10, r26
 336:	bb 1e       	adc	r11, r27
C:\Users\fm\AppData\Local\Temp\arduino_build_985260\sketch/tiny5351.c:35
  P3 = denom;
  i2cSendRegister(pll + 0, (P3 & 0x0000FF00) >> 8);
 338:	99 27       	eor	r25, r25
 33a:	8f 2d       	mov	r24, r15
 33c:	7e 2d       	mov	r23, r14
 33e:	6d 2d       	mov	r22, r13
 340:	82 2d       	mov	r24, r2
 342:	93 df       	rcall	.-218    	; 0x26a <i2cSendRegister>
C:\Users\fm\AppData\Local\Temp\arduino_build_985260\sketch/tiny5351.c:36
  i2cSendRegister(pll + 1, (P3 & 0x000000FF));
 344:	6c 2d       	mov	r22, r12
 346:	81 e0       	ldi	r24, 0x01	; 1
 348:	82 0d       	add	r24, r2
 34a:	8f df       	rcall	.-226    	; 0x26a <i2cSendRegister>
C:\Users\fm\AppData\Local\Temp\arduino_build_985260\sketch/tiny5351.c:43
  {
    i2cSendRegister(pll + 2,   ((P1 & 0x00030000) >> 16) | rDiv);
  }
  else
  {
    i2cSendRegister(pll + 2,   ((P1 & 0x00030000) >> 16));
 34c:	6a 2d       	mov	r22, r10
 34e:	63 70       	andi	r22, 0x03	; 3
 350:	82 e0       	ldi	r24, 0x02	; 2
 352:	82 0d       	add	r24, r2
 354:	8a df       	rcall	.-236    	; 0x26a <i2cSendRegister>
C:\Users\fm\AppData\Local\Temp\arduino_build_985260\sketch/tiny5351.c:45
  }
  i2cSendRegister(pll + 3, (P1 & 0x0000FF00) >> 8);
 356:	99 27       	eor	r25, r25
 358:	8b 2d       	mov	r24, r11
 35a:	7a 2d       	mov	r23, r10
 35c:	69 2d       	mov	r22, r9
 35e:	83 e0       	ldi	r24, 0x03	; 3
 360:	82 0d       	add	r24, r2
 362:	83 df       	rcall	.-250    	; 0x26a <i2cSendRegister>
C:\Users\fm\AppData\Local\Temp\arduino_build_985260\sketch/tiny5351.c:46
  i2cSendRegister(pll + 4, (P1 & 0x000000FF));
 364:	68 2d       	mov	r22, r8
 366:	84 e0       	ldi	r24, 0x04	; 4
 368:	82 0d       	add	r24, r2
 36a:	7f df       	rcall	.-258    	; 0x26a <i2cSendRegister>
C:\Users\fm\AppData\Local\Temp\arduino_build_985260\sketch/tiny5351.c:47
  i2cSendRegister(pll + 5, ((P3 & 0x000F0000) >> 12) | ((P2 & 0x000F0000) >> 16));
 36c:	5c e0       	ldi	r21, 0x0C	; 12
 36e:	f6 94       	lsr	r15
 370:	e7 94       	ror	r14
 372:	d7 94       	ror	r13
 374:	c7 94       	ror	r12
 376:	5a 95       	dec	r21
 378:	d1 f7       	brne	.-12     	; 0x36e <setupPLL.constprop.1+0xe6>
 37a:	8c 2d       	mov	r24, r12
 37c:	80 7f       	andi	r24, 0xF0	; 240
 37e:	66 2d       	mov	r22, r6
 380:	6f 70       	andi	r22, 0x0F	; 15
 382:	68 2b       	or	r22, r24
 384:	85 e0       	ldi	r24, 0x05	; 5
 386:	82 0d       	add	r24, r2
 388:	70 df       	rcall	.-288    	; 0x26a <i2cSendRegister>
C:\Users\fm\AppData\Local\Temp\arduino_build_985260\sketch/tiny5351.c:48
  i2cSendRegister(pll + 6, (P2 & 0x0000FF00) >> 8);
 38a:	99 27       	eor	r25, r25
 38c:	87 2d       	mov	r24, r7
 38e:	76 2d       	mov	r23, r6
 390:	65 2d       	mov	r22, r5
 392:	86 e0       	ldi	r24, 0x06	; 6
 394:	82 0d       	add	r24, r2
 396:	69 df       	rcall	.-302    	; 0x26a <i2cSendRegister>
C:\Users\fm\AppData\Local\Temp\arduino_build_985260\sketch/tiny5351.c:49
  i2cSendRegister(pll + 7, (P2 & 0x000000FF));
 398:	64 2d       	mov	r22, r4
 39a:	87 e0       	ldi	r24, 0x07	; 7
 39c:	82 0d       	add	r24, r2
C:\Users\fm\AppData\Local\Temp\arduino_build_985260\sketch/tiny5351.c:50
}
 39e:	c0 5f       	subi	r28, 0xF0	; 240
 3a0:	cd bf       	out	0x3d, r28	; 61
 3a2:	df 91       	pop	r29
 3a4:	cf 91       	pop	r28
 3a6:	1f 91       	pop	r17
 3a8:	0f 91       	pop	r16
 3aa:	ff 90       	pop	r15
 3ac:	ef 90       	pop	r14
 3ae:	df 90       	pop	r13
 3b0:	cf 90       	pop	r12
 3b2:	bf 90       	pop	r11
 3b4:	af 90       	pop	r10
 3b6:	9f 90       	pop	r9
 3b8:	8f 90       	pop	r8
 3ba:	7f 90       	pop	r7
 3bc:	6f 90       	pop	r6
 3be:	5f 90       	pop	r5
 3c0:	4f 90       	pop	r4
 3c2:	3f 90       	pop	r3
 3c4:	2f 90       	pop	r2
C:\Users\fm\AppData\Local\Temp\arduino_build_985260\sketch/tiny5351.c:49
  }
  i2cSendRegister(pll + 3, (P1 & 0x0000FF00) >> 8);
  i2cSendRegister(pll + 4, (P1 & 0x000000FF));
  i2cSendRegister(pll + 5, ((P3 & 0x000F0000) >> 12) | ((P2 & 0x000F0000) >> 16));
  i2cSendRegister(pll + 6, (P2 & 0x0000FF00) >> 8);
  i2cSendRegister(pll + 7, (P2 & 0x000000FF));
 3c6:	51 cf       	rjmp	.-350    	; 0x26a <i2cSendRegister>

000003c8 <_exit>:
exit():
/home/jenkins-mingw32/workspace/avr-gcc-staging/label/Ubuntu14.04x64-mingw32/gcc-build/avr/avr25/tiny-stack/libgcc/../../../../../gcc/libgcc/config/avr/lib1funcs.S:2278
 3c8:	f8 94       	cli

000003ca <__stop_program>:
__stop_program():
/home/jenkins-mingw32/workspace/avr-gcc-staging/label/Ubuntu14.04x64-mingw32/gcc-build/avr/avr25/tiny-stack/libgcc/../../../../../gcc/libgcc/config/avr/lib1funcs.S:2280
 3ca:	ff cf       	rjmp	.-2      	; 0x3ca <__stop_program>
