
C:\Users\fm\AppData\Local\Temp\arduino_build_626345/tiny13synt55.ino.elf:     file format elf32-avr


Disassembly of section .text:

00000000 <__vectors>:
__vectors():
   0:	09 c0       	rjmp	.+18     	; 0x14 <__ctors_end>
   2:	91 c0       	rjmp	.+290    	; 0x126 <__bad_interrupt>
   4:	90 c0       	rjmp	.+288    	; 0x126 <__bad_interrupt>
   6:	8f c0       	rjmp	.+286    	; 0x126 <__bad_interrupt>
   8:	8e c0       	rjmp	.+284    	; 0x126 <__bad_interrupt>
   a:	8d c0       	rjmp	.+282    	; 0x126 <__bad_interrupt>
   c:	8c c0       	rjmp	.+280    	; 0x126 <__bad_interrupt>
   e:	8b c0       	rjmp	.+278    	; 0x126 <__bad_interrupt>
  10:	8a c0       	rjmp	.+276    	; 0x126 <__bad_interrupt>
  12:	89 c0       	rjmp	.+274    	; 0x126 <__bad_interrupt>

00000014 <__ctors_end>:
__trampolines_start():
  14:	11 24       	eor	r1, r1
  16:	1f be       	out	0x3f, r1	; 63
  18:	cf e9       	ldi	r28, 0x9F	; 159
  1a:	cd bf       	out	0x3d, r28	; 61

0000001c <__do_copy_data>:
__do_copy_data():
/home/jenkins-mingw32/workspace/avr-gcc-staging/label/Ubuntu14.04x64-mingw32/gcc-build/avr/avr25/tiny-stack/libgcc/../../../../../gcc/libgcc/config/avr/lib1funcs.S:2409
  1c:	10 e0       	ldi	r17, 0x00	; 0
/home/jenkins-mingw32/workspace/avr-gcc-staging/label/Ubuntu14.04x64-mingw32/gcc-build/avr/avr25/tiny-stack/libgcc/../../../../../gcc/libgcc/config/avr/lib1funcs.S:2410
  1e:	a0 e6       	ldi	r26, 0x60	; 96
/home/jenkins-mingw32/workspace/avr-gcc-staging/label/Ubuntu14.04x64-mingw32/gcc-build/avr/avr25/tiny-stack/libgcc/../../../../../gcc/libgcc/config/avr/lib1funcs.S:2411
  20:	b0 e0       	ldi	r27, 0x00	; 0
/home/jenkins-mingw32/workspace/avr-gcc-staging/label/Ubuntu14.04x64-mingw32/gcc-build/avr/avr25/tiny-stack/libgcc/../../../../../gcc/libgcc/config/avr/lib1funcs.S:2412
  22:	e2 ee       	ldi	r30, 0xE2	; 226
/home/jenkins-mingw32/workspace/avr-gcc-staging/label/Ubuntu14.04x64-mingw32/gcc-build/avr/avr25/tiny-stack/libgcc/../../../../../gcc/libgcc/config/avr/lib1funcs.S:2413
  24:	f3 e0       	ldi	r31, 0x03	; 3
/home/jenkins-mingw32/workspace/avr-gcc-staging/label/Ubuntu14.04x64-mingw32/gcc-build/avr/avr25/tiny-stack/libgcc/../../../../../gcc/libgcc/config/avr/lib1funcs.S:2414
  26:	02 c0       	rjmp	.+4      	; 0x2c <__do_copy_data+0x10>
/home/jenkins-mingw32/workspace/avr-gcc-staging/label/Ubuntu14.04x64-mingw32/gcc-build/avr/avr25/tiny-stack/libgcc/../../../../../gcc/libgcc/config/avr/lib1funcs.S:2417
  28:	05 90       	lpm	r0, Z+
/home/jenkins-mingw32/workspace/avr-gcc-staging/label/Ubuntu14.04x64-mingw32/gcc-build/avr/avr25/tiny-stack/libgcc/../../../../../gcc/libgcc/config/avr/lib1funcs.S:2422
  2a:	0d 92       	st	X+, r0
/home/jenkins-mingw32/workspace/avr-gcc-staging/label/Ubuntu14.04x64-mingw32/gcc-build/avr/avr25/tiny-stack/libgcc/../../../../../gcc/libgcc/config/avr/lib1funcs.S:2424
  2c:	a2 36       	cpi	r26, 0x62	; 98
/home/jenkins-mingw32/workspace/avr-gcc-staging/label/Ubuntu14.04x64-mingw32/gcc-build/avr/avr25/tiny-stack/libgcc/../../../../../gcc/libgcc/config/avr/lib1funcs.S:2425
  2e:	b1 07       	cpc	r27, r17
/home/jenkins-mingw32/workspace/avr-gcc-staging/label/Ubuntu14.04x64-mingw32/gcc-build/avr/avr25/tiny-stack/libgcc/../../../../../gcc/libgcc/config/avr/lib1funcs.S:2426
  30:	d9 f7       	brne	.-10     	; 0x28 <__do_copy_data+0xc>
  32:	01 d0       	rcall	.+2      	; 0x36 <main>
  34:	d4 c1       	rjmp	.+936    	; 0x3de <_exit>

00000036 <main>:
main():
C:\Users\fm\AppData\Local\Arduino15\packages\MicroCore\hardware\avr\2.2.0\cores\microcore/main.cpp:16
  
#include "Arduino.h"

__attribute__(( section(".init9") ))
int main()
{
  36:	cf 93       	push	r28
  38:	df 93       	push	r29
  3a:	cd b7       	in	r28, 0x3d	; 61
  3c:	dd 27       	eor	r29, r29
  3e:	c8 50       	subi	r28, 0x08	; 8
  40:	cd bf       	out	0x3d, r28	; 61
init():
C:\Users\fm\AppData\Local\Arduino15\packages\MicroCore\hardware\avr\2.2.0\cores\microcore/wiring.c:164
    // Set timer0 couter to zero
    TCNT0 = 0;
  #endif

  // Turn on global interrupts
  sei();
  42:	78 94       	sei
setup():
C:\github\Karat-M\code\tiny13synt55/tiny13synt55.ino:12
//uint8_t ch = 0;
uint8_t prv_ch = 254;


void setup() {
  DDRB &= ~(1 << PB3);      // For attiny it is PB3 for adc input
  44:	bb 98       	cbi	0x17, 3	; 23
C:\github\Karat-M\code\tiny13synt55/tiny13synt55.ino:13
  ADMUX |= (0 << REFS0) | (1 << MUX1) | (1 << MUX0); // set reference and channel
  46:	87 b1       	in	r24, 0x07	; 7
  48:	83 60       	ori	r24, 0x03	; 3
  4a:	87 b9       	out	0x07, r24	; 7
C:\github\Karat-M\code\tiny13synt55/tiny13synt55.ino:14
  ADCSRA |= (1 << ADPS2) | (1 << ADPS1) | (1 << ADPS0) | (1 << ADEN); //set prescaller to 128 and enable ADC
  4c:	86 b1       	in	r24, 0x06	; 6
  4e:	87 68       	ori	r24, 0x87	; 135
  50:	86 b9       	out	0x06, r24	; 6
C:\github\Karat-M\code\tiny13synt55/tiny13synt55.ino:15
  sei();
  52:	78 94       	sei
ReadADC():
C:\github\Karat-M\code\tiny13synt55/tiny13synt55.ino:27
    prv_ch = ch;
  }
}

uint16_t ReadADC() {
  ADCSRA |= (1 << ADSC);       // start conversion
  54:	36 9a       	sbi	0x06, 6	; 6
C:\github\Karat-M\code\tiny13synt55/tiny13synt55.ino:28
  while (ADCSRA & (1 << ADSC)) {} // wait for conversion complete
  56:	36 99       	sbic	0x06, 6	; 6
  58:	fe cf       	rjmp	.-4      	; 0x56 <__SREG__+0x17>
C:\github\Karat-M\code\tiny13synt55/tiny13synt55.ino:29
  return ADC;
  5a:	a4 b0       	in	r10, 0x04	; 4
  5c:	b5 b0       	in	r11, 0x05	; 5
loop():
C:\github\Karat-M\code\tiny13synt55/tiny13synt55.ino:19
  ADCSRA |= (1 << ADPS2) | (1 << ADPS1) | (1 << ADPS0) | (1 << ADEN); //set prescaller to 128 and enable ADC
  sei();
}

void loop() {
uint8_t  ch = ReadADC() >> 6;
  5e:	f6 e0       	ldi	r31, 0x06	; 6
  60:	b6 94       	lsr	r11
  62:	a7 94       	ror	r10
  64:	fa 95       	dec	r31
  66:	e1 f7       	brne	.-8      	; 0x60 <__SREG__+0x21>
C:\github\Karat-M\code\tiny13synt55/tiny13synt55.ino:20
  if (prv_ch != ch) {
  68:	80 91 60 00 	lds	r24, 0x0060	; 0x800060 <__DATA_REGION_ORIGIN__>
  6c:	8a 15       	cp	r24, r10
  6e:	91 f3       	breq	.-28     	; 0x54 <__SREG__+0x15>
C:\github\Karat-M\code\tiny13synt55/tiny13synt55.ino:21
    si5351_freq(eeprom_read_dword((uint32_t*)(ch << 2)) , 0);
  70:	c5 01       	movw	r24, r10
  72:	88 0f       	add	r24, r24
  74:	99 1f       	adc	r25, r25
  76:	88 0f       	add	r24, r24
  78:	99 1f       	adc	r25, r25
  7a:	8c 7f       	andi	r24, 0xFC	; 252
  7c:	93 70       	andi	r25, 0x03	; 3
  7e:	9e d1       	rcall	.+828    	; 0x3bc <eeprom_read_dword>
  80:	2b 01       	movw	r4, r22
  82:	3c 01       	movw	r6, r24
si5351_freq():
C:\Users\fm\AppData\Local\Temp\arduino_build_626345\sketch/tiny5351.c:57
void si5351_freq(uint32_t freq, uint8_t clk) //, uint8_t i, uint8_t q
{
  uint8_t si5351_mult;
  uint64_t pll_freq;
  //uint8_t r_div = 1;
  i2c_init();
  84:	57 d0       	rcall	.+174    	; 0x134 <i2c_init>
C:\Users\fm\AppData\Local\Temp\arduino_build_626345\sketch/tiny5351.c:58
  setupPLL(SI_SYNTH_PLL_A, 19, 0, 1, R_DIV_NA);
  86:	cc 24       	eor	r12, r12
  88:	ca 94       	dec	r12
  8a:	e1 2c       	mov	r14, r1
  8c:	f1 2c       	mov	r15, r1
  8e:	87 01       	movw	r16, r14
  90:	e3 94       	inc	r14
  92:	20 e0       	ldi	r18, 0x00	; 0
  94:	30 e0       	ldi	r19, 0x00	; 0
  96:	a9 01       	movw	r20, r18
  98:	63 e1       	ldi	r22, 0x13	; 19
  9a:	8a e1       	ldi	r24, 0x1A	; 26
  9c:	eb d0       	rcall	.+470    	; 0x274 <setupPLL>
C:\Users\fm\AppData\Local\Temp\arduino_build_626345\sketch/tiny5351.c:61
  //setupPLL(SI_SYNTH_PLL_B, 30, 0, 1,R_DIV_NA);
  pll_freq = (SI_XTAL_FREQ * 19);
  div_result output = tdivide(pll_freq, freq);
  9e:	a3 01       	movw	r20, r6
  a0:	92 01       	movw	r18, r4
  a2:	66 e5       	ldi	r22, 0x56	; 86
  a4:	71 e0       	ldi	r23, 0x01	; 1
  a6:	84 e9       	ldi	r24, 0x94	; 148
  a8:	9e e1       	ldi	r25, 0x1E	; 30
  aa:	ae d0       	rcall	.+348    	; 0x208 <tdivide>
  ac:	b6 2e       	mov	r11, r22
  ae:	29 83       	std	Y+1, r18	; 0x01
  b0:	3a 83       	std	Y+2, r19	; 0x02
  b2:	4b 83       	std	Y+3, r20	; 0x03
  b4:	5c 83       	std	Y+4, r21	; 0x04
C:\Users\fm\AppData\Local\Temp\arduino_build_626345\sketch/tiny5351.c:63
  si5351_mult = output.quot;
  uint32_t l =  output.remainder << 10;
  b6:	69 81       	ldd	r22, Y+1	; 0x01
  b8:	7a 81       	ldd	r23, Y+2	; 0x02
  ba:	8b 81       	ldd	r24, Y+3	; 0x03
  bc:	9c 81       	ldd	r25, Y+4	; 0x04
  be:	4a e0       	ldi	r20, 0x0A	; 10
  c0:	66 0f       	add	r22, r22
  c2:	77 1f       	adc	r23, r23
  c4:	88 1f       	adc	r24, r24
  c6:	99 1f       	adc	r25, r25
  c8:	4a 95       	dec	r20
  ca:	d1 f7       	brne	.-12     	; 0xc0 <__stack+0x21>
C:\Users\fm\AppData\Local\Temp\arduino_build_626345\sketch/tiny5351.c:64
  output = tdivide(l, freq);
  cc:	a3 01       	movw	r20, r6
  ce:	92 01       	movw	r18, r4
  d0:	9b d0       	rcall	.+310    	; 0x208 <tdivide>
  d2:	29 83       	std	Y+1, r18	; 0x01
  d4:	3a 83       	std	Y+2, r19	; 0x02
  d6:	4b 83       	std	Y+3, r20	; 0x03
  d8:	5c 83       	std	Y+4, r21	; 0x04
  da:	6d 83       	std	Y+5, r22	; 0x05
  dc:	7e 83       	std	Y+6, r23	; 0x06
  de:	8f 83       	std	Y+7, r24	; 0x07
  e0:	98 87       	std	Y+8, r25	; 0x08
C:\Users\fm\AppData\Local\Temp\arduino_build_626345\sketch/tiny5351.c:66
  l = output.quot;
  l = l << 10;
  e2:	2d 81       	ldd	r18, Y+5	; 0x05
  e4:	3e 81       	ldd	r19, Y+6	; 0x06
  e6:	4f 81       	ldd	r20, Y+7	; 0x07
  e8:	58 85       	ldd	r21, Y+8	; 0x08
  ea:	6a e0       	ldi	r22, 0x0A	; 10
  ec:	22 0f       	add	r18, r18
  ee:	33 1f       	adc	r19, r19
  f0:	44 1f       	adc	r20, r20
  f2:	55 1f       	adc	r21, r21
  f4:	6a 95       	dec	r22
  f6:	d1 f7       	brne	.-12     	; 0xec <__stack+0x4d>
C:\Users\fm\AppData\Local\Temp\arduino_build_626345\sketch/tiny5351.c:69
  uint32_t num = l;
  const uint32_t denom = 0xFFFFF;
  setupPLL((SI_SYNTH_MS_0 + (8 * clk)), si5351_mult, num, denom, SI_R_DIV_2);
  f8:	70 e1       	ldi	r23, 0x10	; 16
  fa:	c7 2e       	mov	r12, r23
  fc:	ee 24       	eor	r14, r14
  fe:	ea 94       	dec	r14
 100:	fe 2c       	mov	r15, r14
 102:	0f e0       	ldi	r16, 0x0F	; 15
 104:	10 e0       	ldi	r17, 0x00	; 0
 106:	6b 2d       	mov	r22, r11
 108:	8a e2       	ldi	r24, 0x2A	; 42
 10a:	b4 d0       	rcall	.+360    	; 0x274 <setupPLL>
C:\Users\fm\AppData\Local\Temp\arduino_build_626345\sketch/tiny5351.c:71
  //i2cSendRegister((SI_CLK0_CONTROL + clk), (0x4C + SI_outPWR) | SI_CLK_SRC_PLL_A);
  i2cSendRegister((SI_CLK0_CONTROL + clk), (0x4C) | SI_CLK_SRC_PLL_A);
 10c:	6c e4       	ldi	r22, 0x4C	; 76
 10e:	80 e1       	ldi	r24, 0x10	; 16
 110:	a2 d0       	rcall	.+324    	; 0x256 <i2cSendRegister>
C:\Users\fm\AppData\Local\Temp\arduino_build_626345\sketch/tiny5351.c:72
  i2cSendRegister(SI_PLL_RESET, 0xA0);
 112:	60 ea       	ldi	r22, 0xA0	; 160
 114:	81 eb       	ldi	r24, 0xB1	; 177
 116:	9f d0       	rcall	.+318    	; 0x256 <i2cSendRegister>
C:\Users\fm\AppData\Local\Temp\arduino_build_626345\sketch/tiny5351.c:73
  i2cSendRegister(SI_CLK_OE,  ~(1 << clk)); // Enable
 118:	6e ef       	ldi	r22, 0xFE	; 254
 11a:	83 e0       	ldi	r24, 0x03	; 3
 11c:	9c d0       	rcall	.+312    	; 0x256 <i2cSendRegister>
C:\Users\fm\AppData\Local\Temp\arduino_build_626345\sketch/tiny5351.c:74
  i2c_exit();						// Exit I2C
 11e:	0f d0       	rcall	.+30     	; 0x13e <i2c_exit>
loop():
C:\github\Karat-M\code\tiny13synt55/tiny13synt55.ino:22
    prv_ch = ch;
 120:	a0 92 60 00 	sts	0x0060, r10	; 0x800060 <__DATA_REGION_ORIGIN__>
 124:	97 cf       	rjmp	.-210    	; 0x54 <__SREG__+0x15>

00000126 <__bad_interrupt>:
__vector_1():
 126:	6c cf       	rjmp	.-296    	; 0x0 <__vectors>

00000128 <i2c_delay_T2>:
i2c_delay_T2():
C:\Users\fm\AppData\Local\Temp\arduino_build_626345\sketch/i2cmaster.S:112
;
; Delay 72 cycles
; 4us 500 ns at 16 MHz
.func i2c_delay_T2	; delay 5.0 microsec with 4 Mhz crystal	
i2c_delay_T2:        ; 4 cycles
    push r18
 128:	2f 93       	push	r18
C:\Users\fm\AppData\Local\Temp\arduino_build_626345\sketch/i2cmaster.S:113
    ldi  r18, 22
 12a:	26 e1       	ldi	r18, 0x16	; 22

0000012c <L1>:
L1():
C:\Users\fm\AppData\Local\Temp\arduino_build_626345\sketch/i2cmaster.S:114
L1: dec  r18
 12c:	2a 95       	dec	r18
C:\Users\fm\AppData\Local\Temp\arduino_build_626345\sketch/i2cmaster.S:115
    brne L1
 12e:	f1 f7       	brne	.-4      	; 0x12c <L1>
C:\Users\fm\AppData\Local\Temp\arduino_build_626345\sketch/i2cmaster.S:116
	pop  r18
 130:	2f 91       	pop	r18
C:\Users\fm\AppData\Local\Temp\arduino_build_626345\sketch/i2cmaster.S:117
	ret
 132:	08 95       	ret

00000134 <i2c_init>:
i2c_init():
C:\Users\fm\AppData\Local\Temp\arduino_build_626345\sketch/i2cmaster.S:128
; extern void i2c_init(void)
;*************************************************************************
	.global i2c_init
	.func i2c_init
i2c_init:
	cbi SDA_DDR,SDA		;release SDA
 134:	ba 98       	cbi	0x17, 2	; 23
C:\Users\fm\AppData\Local\Temp\arduino_build_626345\sketch/i2cmaster.S:129
	cbi SCL_DDR,SCL		;release SCL
 136:	b9 98       	cbi	0x17, 1	; 23
C:\Users\fm\AppData\Local\Temp\arduino_build_626345\sketch/i2cmaster.S:130
	cbi SDA_OUT,SDA
 138:	c2 98       	cbi	0x18, 2	; 24
C:\Users\fm\AppData\Local\Temp\arduino_build_626345\sketch/i2cmaster.S:131
	cbi SCL_OUT,SCL
 13a:	c1 98       	cbi	0x18, 1	; 24
C:\Users\fm\AppData\Local\Temp\arduino_build_626345\sketch/i2cmaster.S:132
	ret
 13c:	08 95       	ret

0000013e <i2c_exit>:
i2c_exit():
C:\Users\fm\AppData\Local\Temp\arduino_build_626345\sketch/i2cmaster.S:143
; extern void i2c_init(void)
;*************************************************************************
	.global i2c_exit
	.func i2c_exit
i2c_exit:
	sbi SDA_DDR,SDA		;make SDA pin output again
 13e:	ba 9a       	sbi	0x17, 2	; 23
C:\Users\fm\AppData\Local\Temp\arduino_build_626345\sketch/i2cmaster.S:144
	ret
 140:	08 95       	ret

00000142 <i2c_start>:
i2c_start():
C:\Users\fm\AppData\Local\Temp\arduino_build_626345\sketch/i2cmaster.S:158
;*************************************************************************

	.global i2c_start
	.func   i2c_start
i2c_start:
	sbi 	SDA_DDR,SDA	;force SDA low
 142:	ba 9a       	sbi	0x17, 2	; 23
C:\Users\fm\AppData\Local\Temp\arduino_build_626345\sketch/i2cmaster.S:159
	rcall 	i2c_delay_T2	;delay T/2
 144:	f1 df       	rcall	.-30     	; 0x128 <i2c_delay_T2>
C:\Users\fm\AppData\Local\Temp\arduino_build_626345\sketch/i2cmaster.S:161
	
	rcall 	i2c_write	;write address
 146:	13 d0       	rcall	.+38     	; 0x16e <i2c_write>
C:\Users\fm\AppData\Local\Temp\arduino_build_626345\sketch/i2cmaster.S:162
	ret
 148:	08 95       	ret

0000014a <i2c_start_wait>:
i2c_start_wait():
C:\Users\fm\AppData\Local\Temp\arduino_build_626345\sketch/i2cmaster.S:178
;*************************************************************************

	.global i2c_start_wait
	.func   i2c_start_wait
i2c_start_wait:
	mov	__tmp_reg__,r24
 14a:	08 2e       	mov	r0, r24

0000014c <i2c_start_wait1>:
i2c_start_wait1():
C:\Users\fm\AppData\Local\Temp\arduino_build_626345\sketch/i2cmaster.S:180
i2c_start_wait1:
	sbi 	SDA_DDR,SDA	;force SDA low
 14c:	ba 9a       	sbi	0x17, 2	; 23
C:\Users\fm\AppData\Local\Temp\arduino_build_626345\sketch/i2cmaster.S:181
	rcall 	i2c_delay_T2	;delay T/2
 14e:	ec df       	rcall	.-40     	; 0x128 <i2c_delay_T2>
C:\Users\fm\AppData\Local\Temp\arduino_build_626345\sketch/i2cmaster.S:182
	mov	r24,__tmp_reg__
 150:	80 2d       	mov	r24, r0
C:\Users\fm\AppData\Local\Temp\arduino_build_626345\sketch/i2cmaster.S:183
	rcall 	i2c_write	;write address
 152:	0d d0       	rcall	.+26     	; 0x16e <i2c_write>
C:\Users\fm\AppData\Local\Temp\arduino_build_626345\sketch/i2cmaster.S:184
	tst	r24		;if device not busy -> done
 154:	88 23       	and	r24, r24
C:\Users\fm\AppData\Local\Temp\arduino_build_626345\sketch/i2cmaster.S:185
	breq	i2c_start_wait_done
 156:	11 f0       	breq	.+4      	; 0x15c <i2c_start_wait_done>
C:\Users\fm\AppData\Local\Temp\arduino_build_626345\sketch/i2cmaster.S:186
	rcall	i2c_stop	;terminate write operation
 158:	02 d0       	rcall	.+4      	; 0x15e <i2c_stop>
C:\Users\fm\AppData\Local\Temp\arduino_build_626345\sketch/i2cmaster.S:187
	rjmp	i2c_start_wait1	;device busy, poll ack again
 15a:	f8 cf       	rjmp	.-16     	; 0x14c <i2c_start_wait1>

0000015c <i2c_start_wait_done>:
i2c_start_wait_done():
C:\Users\fm\AppData\Local\Temp\arduino_build_626345\sketch/i2cmaster.S:189
i2c_start_wait_done:
	ret
 15c:	08 95       	ret

0000015e <i2c_stop>:
i2c_stop():
C:\Users\fm\AppData\Local\Temp\arduino_build_626345\sketch/i2cmaster.S:202
;*************************************************************************

	.global	i2c_stop
	.func	i2c_stop
i2c_stop:
	sbi	SCL_DDR,SCL	;force SCL low
 15e:	b9 9a       	sbi	0x17, 1	; 23
C:\Users\fm\AppData\Local\Temp\arduino_build_626345\sketch/i2cmaster.S:203
	sbi	SDA_DDR,SDA	;force SDA low
 160:	ba 9a       	sbi	0x17, 2	; 23
C:\Users\fm\AppData\Local\Temp\arduino_build_626345\sketch/i2cmaster.S:204
	rcall	i2c_delay_T2	;delay T/2
 162:	e2 df       	rcall	.-60     	; 0x128 <i2c_delay_T2>
C:\Users\fm\AppData\Local\Temp\arduino_build_626345\sketch/i2cmaster.S:205
	cbi	SCL_DDR,SCL	;release SCL
 164:	b9 98       	cbi	0x17, 1	; 23
C:\Users\fm\AppData\Local\Temp\arduino_build_626345\sketch/i2cmaster.S:206
	rcall	i2c_delay_T2	;delay T/2
 166:	e0 df       	rcall	.-64     	; 0x128 <i2c_delay_T2>
C:\Users\fm\AppData\Local\Temp\arduino_build_626345\sketch/i2cmaster.S:207
	cbi	SDA_DDR,SDA	;release SDA
 168:	ba 98       	cbi	0x17, 2	; 23
C:\Users\fm\AppData\Local\Temp\arduino_build_626345\sketch/i2cmaster.S:208
	rcall	i2c_delay_T2	;delay T/2
 16a:	de df       	rcall	.-68     	; 0x128 <i2c_delay_T2>
C:\Users\fm\AppData\Local\Temp\arduino_build_626345\sketch/i2cmaster.S:209
	ret
 16c:	08 95       	ret

0000016e <i2c_write>:
i2c_write():
C:\Users\fm\AppData\Local\Temp\arduino_build_626345\sketch/i2cmaster.S:223
;	data = r24,  return = r25(=0):r24
;*************************************************************************
	.global i2c_write
	.func	i2c_write
i2c_write:
	sec			;set carry flag
 16e:	08 94       	sec
C:\Users\fm\AppData\Local\Temp\arduino_build_626345\sketch/i2cmaster.S:224
	rol 	r24		;shift in carry and out bit one
 170:	88 1f       	adc	r24, r24
C:\Users\fm\AppData\Local\Temp\arduino_build_626345\sketch/i2cmaster.S:225
	rjmp	i2c_write_first
 172:	01 c0       	rjmp	.+2      	; 0x176 <i2c_write_first>

00000174 <i2c_write_bit>:
i2c_write_bit():
C:\Users\fm\AppData\Local\Temp\arduino_build_626345\sketch/i2cmaster.S:227
i2c_write_bit:
	lsl	r24		;if transmit register empty
 174:	88 0f       	add	r24, r24

00000176 <i2c_write_first>:
i2c_write_first():
C:\Users\fm\AppData\Local\Temp\arduino_build_626345\sketch/i2cmaster.S:229
i2c_write_first:
	breq	i2c_get_ack
 176:	59 f0       	breq	.+22     	; 0x18e <i2c_get_ack>
C:\Users\fm\AppData\Local\Temp\arduino_build_626345\sketch/i2cmaster.S:230
	sbi	SCL_DDR,SCL	;force SCL low
 178:	b9 9a       	sbi	0x17, 1	; 23
C:\Users\fm\AppData\Local\Temp\arduino_build_626345\sketch/i2cmaster.S:231
	brcc	i2c_write_low
 17a:	18 f4       	brcc	.+6      	; 0x182 <i2c_write_low>
C:\Users\fm\AppData\Local\Temp\arduino_build_626345\sketch/i2cmaster.S:232
	nop
 17c:	00 00       	nop
C:\Users\fm\AppData\Local\Temp\arduino_build_626345\sketch/i2cmaster.S:233
	cbi	SDA_DDR,SDA	;release SDA
 17e:	ba 98       	cbi	0x17, 2	; 23
C:\Users\fm\AppData\Local\Temp\arduino_build_626345\sketch/i2cmaster.S:234
	rjmp	i2c_write_high
 180:	02 c0       	rjmp	.+4      	; 0x186 <i2c_write_high>

00000182 <i2c_write_low>:
i2c_write_low():
C:\Users\fm\AppData\Local\Temp\arduino_build_626345\sketch/i2cmaster.S:236
i2c_write_low:
	sbi	SDA_DDR,SDA	;force SDA low
 182:	ba 9a       	sbi	0x17, 2	; 23
C:\Users\fm\AppData\Local\Temp\arduino_build_626345\sketch/i2cmaster.S:237
	rjmp	i2c_write_high
 184:	00 c0       	rjmp	.+0      	; 0x186 <i2c_write_high>

00000186 <i2c_write_high>:
i2c_write_high():
C:\Users\fm\AppData\Local\Temp\arduino_build_626345\sketch/i2cmaster.S:239
i2c_write_high:
	rcall 	i2c_delay_T2	;delay T/2
 186:	d0 df       	rcall	.-96     	; 0x128 <i2c_delay_T2>
C:\Users\fm\AppData\Local\Temp\arduino_build_626345\sketch/i2cmaster.S:240
	cbi	SCL_DDR,SCL	;release SCL
 188:	b9 98       	cbi	0x17, 1	; 23
C:\Users\fm\AppData\Local\Temp\arduino_build_626345\sketch/i2cmaster.S:241
	rcall	i2c_delay_T2	;delay T/2
 18a:	ce df       	rcall	.-100    	; 0x128 <i2c_delay_T2>
C:\Users\fm\AppData\Local\Temp\arduino_build_626345\sketch/i2cmaster.S:242
	rjmp	i2c_write_bit
 18c:	f3 cf       	rjmp	.-26     	; 0x174 <i2c_write_bit>

0000018e <i2c_get_ack>:
i2c_get_ack():
C:\Users\fm\AppData\Local\Temp\arduino_build_626345\sketch/i2cmaster.S:245
	
i2c_get_ack:
	sbi	SCL_DDR,SCL	;force SCL low
 18e:	b9 9a       	sbi	0x17, 1	; 23
C:\Users\fm\AppData\Local\Temp\arduino_build_626345\sketch/i2cmaster.S:246
	cbi	SDA_DDR,SDA	;release SDA
 190:	ba 98       	cbi	0x17, 2	; 23
C:\Users\fm\AppData\Local\Temp\arduino_build_626345\sketch/i2cmaster.S:247
	rcall	i2c_delay_T2	;delay T/2
 192:	ca df       	rcall	.-108    	; 0x128 <i2c_delay_T2>
C:\Users\fm\AppData\Local\Temp\arduino_build_626345\sketch/i2cmaster.S:248
	cbi	SCL_DDR,SCL	;release SCL
 194:	b9 98       	cbi	0x17, 1	; 23

00000196 <i2c_ack_wait>:
i2c_ack_wait():
C:\Users\fm\AppData\Local\Temp\arduino_build_626345\sketch/i2cmaster.S:251
i2c_ack_wait:
    ;ret
	sbis	SCL_IN,SCL	;wait SCL high (in case wait states are inserted)
 196:	b1 9b       	sbis	0x16, 1	; 22
C:\Users\fm\AppData\Local\Temp\arduino_build_626345\sketch/i2cmaster.S:252
	rjmp	i2c_ack_wait
 198:	fe cf       	rjmp	.-4      	; 0x196 <i2c_ack_wait>
C:\Users\fm\AppData\Local\Temp\arduino_build_626345\sketch/i2cmaster.S:254
	
	clr	r24		;return 0
 19a:	88 27       	eor	r24, r24
C:\Users\fm\AppData\Local\Temp\arduino_build_626345\sketch/i2cmaster.S:255
	sbic	SDA_IN,SDA	;if SDA high -> return 1
 19c:	b2 99       	sbic	0x16, 2	; 22
C:\Users\fm\AppData\Local\Temp\arduino_build_626345\sketch/i2cmaster.S:256
	ldi	r24,1
 19e:	81 e0       	ldi	r24, 0x01	; 1
C:\Users\fm\AppData\Local\Temp\arduino_build_626345\sketch/i2cmaster.S:257
	rcall	i2c_delay_T2	;delay T/2
 1a0:	c3 df       	rcall	.-122    	; 0x128 <i2c_delay_T2>
C:\Users\fm\AppData\Local\Temp\arduino_build_626345\sketch/i2cmaster.S:258
	clr	r25
 1a2:	99 27       	eor	r25, r25
C:\Users\fm\AppData\Local\Temp\arduino_build_626345\sketch/i2cmaster.S:259
	ret
 1a4:	08 95       	ret

000001a6 <tmultiply>:
tmultiply():
C:\Users\fm\AppData\Local\Temp\arduino_build_626345\sketch/slimmath.S:17
;;  Arg 1 in R25-R24-r23-r22
;;  Arg 2 in R21-R20-r19-r18
;;  return in R25-r24-r23-r22-r21-r20-r19-r18 

tmultiply:
        push    r2              ; save working registers
 1a6:	2f 92       	push	r2
C:\Users\fm\AppData\Local\Temp\arduino_build_626345\sketch/slimmath.S:18
        push    r3              ; 
 1a8:	3f 92       	push	r3
C:\Users\fm\AppData\Local\Temp\arduino_build_626345\sketch/slimmath.S:19
        push    r4
 1aa:	4f 92       	push	r4
C:\Users\fm\AppData\Local\Temp\arduino_build_626345\sketch/slimmath.S:20
        push    r5
 1ac:	5f 92       	push	r5
C:\Users\fm\AppData\Local\Temp\arduino_build_626345\sketch/slimmath.S:21
		push    r6
 1ae:	6f 92       	push	r6
C:\Users\fm\AppData\Local\Temp\arduino_build_626345\sketch/slimmath.S:22
		push    r7
 1b0:	7f 92       	push	r7
C:\Users\fm\AppData\Local\Temp\arduino_build_626345\sketch/slimmath.S:23
        push    r16
 1b2:	0f 93       	push	r16
C:\Users\fm\AppData\Local\Temp\arduino_build_626345\sketch/slimmath.S:30
		
        ;CLR   r0         ;Initialize Answer to zero 
        ;CLR   r1         ;
        ;CLR   r2         ;
        ;CLR   r3         ; 
        CLR   r4         ;
 1b4:	44 24       	eor	r4, r4
C:\Users\fm\AppData\Local\Temp\arduino_build_626345\sketch/slimmath.S:31
        CLR   r5         ;
 1b6:	55 24       	eor	r5, r5
C:\Users\fm\AppData\Local\Temp\arduino_build_626345\sketch/slimmath.S:32
        CLR   r6         ;
 1b8:	66 24       	eor	r6, r6
C:\Users\fm\AppData\Local\Temp\arduino_build_626345\sketch/slimmath.S:33
        SUB   r7,r7    ;Clear r7 and Carry Flag
 1ba:	77 18       	sub	r7, r7
C:\Users\fm\AppData\Local\Temp\arduino_build_626345\sketch/slimmath.S:34
        MOV   r0,r22      ;Copy Multiplier to Answer
 1bc:	06 2e       	mov	r0, r22
C:\Users\fm\AppData\Local\Temp\arduino_build_626345\sketch/slimmath.S:35
        MOV   r1,r23      ;
 1be:	17 2e       	mov	r1, r23
C:\Users\fm\AppData\Local\Temp\arduino_build_626345\sketch/slimmath.S:36
        MOV   r2,r24      ;
 1c0:	28 2e       	mov	r2, r24
C:\Users\fm\AppData\Local\Temp\arduino_build_626345\sketch/slimmath.S:37
        MOV   r3,r25      ; 
 1c2:	39 2e       	mov	r3, r25
C:\Users\fm\AppData\Local\Temp\arduino_build_626345\sketch/slimmath.S:38
        LDI   r16,33         ;Set Loop Counter to 33 
 1c4:	01 e2       	ldi	r16, 0x21	; 33

000001c6 <LOOP>:
LOOP():
C:\Users\fm\AppData\Local\Temp\arduino_build_626345\sketch/slimmath.S:40
LOOP: 
        ROR   r3         ;Shift Multiplier to right
 1c6:	37 94       	ror	r3
C:\Users\fm\AppData\Local\Temp\arduino_build_626345\sketch/slimmath.S:41
        ROR   r2         ;
 1c8:	27 94       	ror	r2
C:\Users\fm\AppData\Local\Temp\arduino_build_626345\sketch/slimmath.S:42
        ROR   r1         ;
 1ca:	17 94       	ror	r1
C:\Users\fm\AppData\Local\Temp\arduino_build_626345\sketch/slimmath.S:43
        ROR   r0         ;
 1cc:	07 94       	ror	r0
C:\Users\fm\AppData\Local\Temp\arduino_build_626345\sketch/slimmath.S:44
        DEC   r16            ;Decrement Loop Counter 
 1ce:	0a 95       	dec	r16
C:\Users\fm\AppData\Local\Temp\arduino_build_626345\sketch/slimmath.S:45
        BREQ DONE         ;Check if all bits processed 
 1d0:	51 f0       	breq	.+20     	; 0x1e6 <DONE>
C:\Users\fm\AppData\Local\Temp\arduino_build_626345\sketch/slimmath.S:46
        BRCC SKIP        ;If Carry Clear skip addition
 1d2:	20 f4       	brcc	.+8      	; 0x1dc <SKIP>
C:\Users\fm\AppData\Local\Temp\arduino_build_626345\sketch/slimmath.S:47
        ADD   r4,r18      ;Add Multipicand into Answer
 1d4:	42 0e       	add	r4, r18
C:\Users\fm\AppData\Local\Temp\arduino_build_626345\sketch/slimmath.S:48
        ADC   r5,r19      ;
 1d6:	53 1e       	adc	r5, r19
C:\Users\fm\AppData\Local\Temp\arduino_build_626345\sketch/slimmath.S:49
        ADC   r6,r20      ;
 1d8:	64 1e       	adc	r6, r20
C:\Users\fm\AppData\Local\Temp\arduino_build_626345\sketch/slimmath.S:50
        ADC   r7,r21      ;
 1da:	75 1e       	adc	r7, r21

000001dc <SKIP>:
SKIP():
C:\Users\fm\AppData\Local\Temp\arduino_build_626345\sketch/slimmath.S:52
SKIP:
        ROR   r7         ;Shift high bytes of Answer
 1dc:	77 94       	ror	r7
C:\Users\fm\AppData\Local\Temp\arduino_build_626345\sketch/slimmath.S:53
        ROR   r6         ;
 1de:	67 94       	ror	r6
C:\Users\fm\AppData\Local\Temp\arduino_build_626345\sketch/slimmath.S:54
        ROR   r5         ;
 1e0:	57 94       	ror	r5
C:\Users\fm\AppData\Local\Temp\arduino_build_626345\sketch/slimmath.S:55
        ROR   r4         ;
 1e2:	47 94       	ror	r4
C:\Users\fm\AppData\Local\Temp\arduino_build_626345\sketch/slimmath.S:56
        RJMP LOOP
 1e4:	f0 cf       	rjmp	.-32     	; 0x1c6 <LOOP>

000001e6 <DONE>:
DONE():
C:\Users\fm\AppData\Local\Temp\arduino_build_626345\sketch/slimmath.S:58
DONE:
		MOV   r25,r7      ;
 1e6:	97 2d       	mov	r25, r7
C:\Users\fm\AppData\Local\Temp\arduino_build_626345\sketch/slimmath.S:59
        MOV   r24,r6      ;
 1e8:	86 2d       	mov	r24, r6
C:\Users\fm\AppData\Local\Temp\arduino_build_626345\sketch/slimmath.S:60
        MOV   r23,r5      ;
 1ea:	75 2d       	mov	r23, r5
C:\Users\fm\AppData\Local\Temp\arduino_build_626345\sketch/slimmath.S:61
        MOV   r22,r4      ; 
 1ec:	64 2d       	mov	r22, r4
C:\Users\fm\AppData\Local\Temp\arduino_build_626345\sketch/slimmath.S:62
		MOV   r21,r3      ;
 1ee:	53 2d       	mov	r21, r3
C:\Users\fm\AppData\Local\Temp\arduino_build_626345\sketch/slimmath.S:63
        MOV   r20,r2      ;
 1f0:	42 2d       	mov	r20, r2
C:\Users\fm\AppData\Local\Temp\arduino_build_626345\sketch/slimmath.S:64
        MOV   r19,r1      ;
 1f2:	31 2d       	mov	r19, r1
C:\Users\fm\AppData\Local\Temp\arduino_build_626345\sketch/slimmath.S:65
        MOV   r18,r0      ; 
 1f4:	20 2d       	mov	r18, r0
C:\Users\fm\AppData\Local\Temp\arduino_build_626345\sketch/slimmath.S:67
		;; restore registers
        pop     r16
 1f6:	0f 91       	pop	r16
C:\Users\fm\AppData\Local\Temp\arduino_build_626345\sketch/slimmath.S:68
		pop     r7
 1f8:	7f 90       	pop	r7
C:\Users\fm\AppData\Local\Temp\arduino_build_626345\sketch/slimmath.S:69
		pop     r6
 1fa:	6f 90       	pop	r6
C:\Users\fm\AppData\Local\Temp\arduino_build_626345\sketch/slimmath.S:70
        pop     r5
 1fc:	5f 90       	pop	r5
C:\Users\fm\AppData\Local\Temp\arduino_build_626345\sketch/slimmath.S:71
        pop     r4
 1fe:	4f 90       	pop	r4
C:\Users\fm\AppData\Local\Temp\arduino_build_626345\sketch/slimmath.S:72
        pop     r3
 200:	3f 90       	pop	r3
C:\Users\fm\AppData\Local\Temp\arduino_build_626345\sketch/slimmath.S:73
        pop     r2
 202:	2f 90       	pop	r2
C:\Users\fm\AppData\Local\Temp\arduino_build_626345\sketch/slimmath.S:74
        clr     r1              ; clear zero register
 204:	11 24       	eor	r1, r1
C:\Users\fm\AppData\Local\Temp\arduino_build_626345\sketch/slimmath.S:75
		RET
 206:	08 95       	ret

00000208 <tdivide>:
tdivide():
C:\Users\fm\AppData\Local\Temp\arduino_build_626345\sketch/slimmath.S:83
;         Start of 32 % 32 bit division             *
;   http://www.avrfreaks.net/comment/4819#comment-4819    *
;************************************************************
 ; Dividend will hold the integer result
tdivide: 
	push    r2              ; save working registers
 208:	2f 92       	push	r2
C:\Users\fm\AppData\Local\Temp\arduino_build_626345\sketch/slimmath.S:84
	push    r3              ; 
 20a:	3f 92       	push	r3
C:\Users\fm\AppData\Local\Temp\arduino_build_626345\sketch/slimmath.S:85
	push    r16
 20c:	0f 93       	push	r16
C:\Users\fm\AppData\Local\Temp\arduino_build_626345\sketch/slimmath.S:86
	clr     r3       ; clear  register
 20e:	33 24       	eor	r3, r3
C:\Users\fm\AppData\Local\Temp\arduino_build_626345\sketch/slimmath.S:87
	clr     r2       ; clear  register
 210:	22 24       	eor	r2, r2
C:\Users\fm\AppData\Local\Temp\arduino_build_626345\sketch/slimmath.S:88
	clr     r1       ; clear  register
 212:	11 24       	eor	r1, r1
C:\Users\fm\AppData\Local\Temp\arduino_build_626345\sketch/slimmath.S:89
	clr     r0       ; clear  register	
 214:	00 24       	eor	r0, r0
C:\Users\fm\AppData\Local\Temp\arduino_build_626345\sketch/slimmath.S:90
    ldi    r16,33                      ;1   init loop counter 
 216:	01 e2       	ldi	r16, 0x21	; 33

00000218 <tdivide_label1>:
tdivide_label1():
C:\Users\fm\AppData\Local\Temp\arduino_build_626345\sketch/slimmath.S:92
tdivide_label1: 
    sec                                    ;1   set carry 
 218:	08 94       	sec

0000021a <tdivide_label2>:
tdivide_label2():
C:\Users\fm\AppData\Local\Temp\arduino_build_626345\sketch/slimmath.S:94
tdivide_label2: 
    ROL    r22                       ;1   shift left dividend 
 21a:	66 1f       	adc	r22, r22
C:\Users\fm\AppData\Local\Temp\arduino_build_626345\sketch/slimmath.S:95
    ROL    r23                       ;1 
 21c:	77 1f       	adc	r23, r23
C:\Users\fm\AppData\Local\Temp\arduino_build_626345\sketch/slimmath.S:96
    ROL    r24                       ;1 
 21e:	88 1f       	adc	r24, r24
C:\Users\fm\AppData\Local\Temp\arduino_build_626345\sketch/slimmath.S:97
    ROL    r25                       ;1 
 220:	99 1f       	adc	r25, r25
C:\Users\fm\AppData\Local\Temp\arduino_build_626345\sketch/slimmath.S:100
    ;rol    dividend5
    ;rol    dividend6
    dec    r16                         ;1 
 222:	0a 95       	dec	r16
C:\Users\fm\AppData\Local\Temp\arduino_build_626345\sketch/slimmath.S:101
    brne   tdivide_label3                ;1/2 
 224:	49 f4       	brne	.+18     	; 0x238 <tdivide_label3>
C:\Users\fm\AppData\Local\Temp\arduino_build_626345\sketch/slimmath.S:103
	;shape up structures
	MOV   r21,r3      ;
 226:	53 2d       	mov	r21, r3
C:\Users\fm\AppData\Local\Temp\arduino_build_626345\sketch/slimmath.S:104
	MOV   r20,r2      ;
 228:	42 2d       	mov	r20, r2
C:\Users\fm\AppData\Local\Temp\arduino_build_626345\sketch/slimmath.S:105
	MOV   r19,r1      ;
 22a:	31 2d       	mov	r19, r1
C:\Users\fm\AppData\Local\Temp\arduino_build_626345\sketch/slimmath.S:106
	MOV   r18,r0      ; 
 22c:	20 2d       	mov	r18, r0
C:\Users\fm\AppData\Local\Temp\arduino_build_626345\sketch/slimmath.S:109

	;; restore registers
	pop     r16
 22e:	0f 91       	pop	r16
C:\Users\fm\AppData\Local\Temp\arduino_build_626345\sketch/slimmath.S:110
	pop     r3
 230:	3f 90       	pop	r3
C:\Users\fm\AppData\Local\Temp\arduino_build_626345\sketch/slimmath.S:111
	pop     r2
 232:	2f 90       	pop	r2
C:\Users\fm\AppData\Local\Temp\arduino_build_626345\sketch/slimmath.S:112
	clr     r1              ; clear zero register	
 234:	11 24       	eor	r1, r1
C:\Users\fm\AppData\Local\Temp\arduino_build_626345\sketch/slimmath.S:113
    ret                                    ;4 
 236:	08 95       	ret

00000238 <tdivide_label3>:
tdivide_label3():
C:\Users\fm\AppData\Local\Temp\arduino_build_626345\sketch/slimmath.S:116

tdivide_label3: 
    rol    r0                      ;1 
 238:	00 1c       	adc	r0, r0
C:\Users\fm\AppData\Local\Temp\arduino_build_626345\sketch/slimmath.S:117
    rol    r1                      ;1 
 23a:	11 1c       	adc	r1, r1
C:\Users\fm\AppData\Local\Temp\arduino_build_626345\sketch/slimmath.S:118
    rol    r2                      ;1 
 23c:	22 1c       	adc	r2, r2
C:\Users\fm\AppData\Local\Temp\arduino_build_626345\sketch/slimmath.S:119
    rol    r3                      ;1
 23e:	33 1c       	adc	r3, r3
C:\Users\fm\AppData\Local\Temp\arduino_build_626345\sketch/slimmath.S:122
    ;rol    remainder5
    ;rol    remainder6
    sub    r0,r18             ;1   rem -= divisor 
 240:	02 1a       	sub	r0, r18
C:\Users\fm\AppData\Local\Temp\arduino_build_626345\sketch/slimmath.S:123
    sbc    r1,r19             ;1 
 242:	13 0a       	sbc	r1, r19
C:\Users\fm\AppData\Local\Temp\arduino_build_626345\sketch/slimmath.S:124
    sbc    r2,r20             ;1 
 244:	24 0a       	sbc	r2, r20
C:\Users\fm\AppData\Local\Temp\arduino_build_626345\sketch/slimmath.S:125
    sbc    r3,r21             ;1 
 246:	35 0a       	sbc	r3, r21
C:\Users\fm\AppData\Local\Temp\arduino_build_626345\sketch/slimmath.S:128
    ;sbc    remainder5,divisor5
    ;sbc    remainder6,divisor6
    brcc   tdivide_label1                ;1/2 if res < 0 
 248:	38 f7       	brcc	.-50     	; 0x218 <tdivide_label1>
C:\Users\fm\AppData\Local\Temp\arduino_build_626345\sketch/slimmath.S:129
    add    r0,r18             ;1   restore remainder 
 24a:	02 0e       	add	r0, r18
C:\Users\fm\AppData\Local\Temp\arduino_build_626345\sketch/slimmath.S:130
    adc    r1,r19             ;1 
 24c:	13 1e       	adc	r1, r19
C:\Users\fm\AppData\Local\Temp\arduino_build_626345\sketch/slimmath.S:131
    adc    r2,r20             ;1 
 24e:	24 1e       	adc	r2, r20
C:\Users\fm\AppData\Local\Temp\arduino_build_626345\sketch/slimmath.S:132
    adc    r3,r21             ;1 
 250:	35 1e       	adc	r3, r21
C:\Users\fm\AppData\Local\Temp\arduino_build_626345\sketch/slimmath.S:135
    ;adc    remainder5,divisor5
    ;adc    remainder6,divisor6 
    clc                                    ;1   clear carry 
 252:	88 94       	clc
C:\Users\fm\AppData\Local\Temp\arduino_build_626345\sketch/slimmath.S:136
    rjmp   tdivide_label2                ;2 
 254:	e2 cf       	rjmp	.-60     	; 0x21a <tdivide_label2>

00000256 <i2cSendRegister>:
i2cSendRegister():
C:\Users\fm\AppData\Local\Temp\arduino_build_626345\sketch/tiny5351.c:13
#define I2C_WRITE 0b11000000
#define I2C_READ  0b11000001


uint8_t i2cSendRegister(uint8_t reg, uint8_t data)
{
 256:	cf 93       	push	r28
 258:	df 93       	push	r29
 25a:	d8 2f       	mov	r29, r24
 25c:	c6 2f       	mov	r28, r22
C:\Users\fm\AppData\Local\Temp\arduino_build_626345\sketch/tiny5351.c:14
  i2c_start_wait(I2C_WRITE);
 25e:	80 ec       	ldi	r24, 0xC0	; 192
 260:	74 df       	rcall	.-280    	; 0x14a <i2c_start_wait>
C:\Users\fm\AppData\Local\Temp\arduino_build_626345\sketch/tiny5351.c:15
  i2c_write(reg);
 262:	8d 2f       	mov	r24, r29
 264:	84 df       	rcall	.-248    	; 0x16e <i2c_write>
C:\Users\fm\AppData\Local\Temp\arduino_build_626345\sketch/tiny5351.c:16
  i2c_write(data);
 266:	8c 2f       	mov	r24, r28
 268:	82 df       	rcall	.-252    	; 0x16e <i2c_write>
C:\Users\fm\AppData\Local\Temp\arduino_build_626345\sketch/tiny5351.c:17
  i2c_stop();
 26a:	79 df       	rcall	.-270    	; 0x15e <i2c_stop>
C:\Users\fm\AppData\Local\Temp\arduino_build_626345\sketch/tiny5351.c:19
  return 0;
}
 26c:	80 e0       	ldi	r24, 0x00	; 0
 26e:	df 91       	pop	r29
 270:	cf 91       	pop	r28
 272:	08 95       	ret

00000274 <setupPLL>:
setupPLL():
C:\Users\fm\AppData\Local\Temp\arduino_build_626345\sketch/tiny5351.c:22

static void setupPLL( uint8_t pll, uint8_t mult, uint32_t num, uint32_t denom, uint8_t rDiv)
{
 274:	2f 92       	push	r2
 276:	3f 92       	push	r3
 278:	4f 92       	push	r4
 27a:	5f 92       	push	r5
 27c:	6f 92       	push	r6
 27e:	7f 92       	push	r7
 280:	8f 92       	push	r8
 282:	9f 92       	push	r9
 284:	af 92       	push	r10
 286:	bf 92       	push	r11
 288:	cf 92       	push	r12
 28a:	df 92       	push	r13
 28c:	ef 92       	push	r14
 28e:	ff 92       	push	r15
 290:	0f 93       	push	r16
 292:	1f 93       	push	r17
 294:	cf 93       	push	r28
 296:	df 93       	push	r29
 298:	cd b7       	in	r28, 0x3d	; 61
 29a:	dd 27       	eor	r29, r29
 29c:	c0 51       	subi	r28, 0x10	; 16
 29e:	cd bf       	out	0x3d, r28	; 61
 2a0:	28 2e       	mov	r2, r24
 2a2:	36 2e       	mov	r3, r22
 2a4:	47 01       	movw	r8, r14
 2a6:	58 01       	movw	r10, r16
 2a8:	1c 2d       	mov	r17, r12
C:\Users\fm\AppData\Local\Temp\arduino_build_626345\sketch/tiny5351.c:27
  uint32_t P1;
  uint32_t P2;
  uint32_t P3;

  uint32_t mulresult = num << 7;
 2aa:	29 01       	movw	r4, r18
 2ac:	3a 01       	movw	r6, r20
 2ae:	37 e0       	ldi	r19, 0x07	; 7
 2b0:	44 0c       	add	r4, r4
 2b2:	55 1c       	adc	r5, r5
 2b4:	66 1c       	adc	r6, r6
 2b6:	77 1c       	adc	r7, r7
 2b8:	3a 95       	dec	r19
 2ba:	d1 f7       	brne	.-12     	; 0x2b0 <setupPLL+0x3c>
C:\Users\fm\AppData\Local\Temp\arduino_build_626345\sketch/tiny5351.c:28
  div_result output = tdivide(mulresult, denom);
 2bc:	a5 01       	movw	r20, r10
 2be:	97 01       	movw	r18, r14
 2c0:	c3 01       	movw	r24, r6
 2c2:	b2 01       	movw	r22, r4
 2c4:	a1 df       	rcall	.-190    	; 0x208 <tdivide>
 2c6:	6d 83       	std	Y+5, r22	; 0x05
 2c8:	7e 83       	std	Y+6, r23	; 0x06
 2ca:	8f 83       	std	Y+7, r24	; 0x07
 2cc:	98 87       	std	Y+8, r25	; 0x08
C:\Users\fm\AppData\Local\Temp\arduino_build_626345\sketch/tiny5351.c:29
  uint32_t term =  output.quot;
 2ce:	cd 80       	ldd	r12, Y+5	; 0x05
 2d0:	de 80       	ldd	r13, Y+6	; 0x06
 2d2:	ef 80       	ldd	r14, Y+7	; 0x07
 2d4:	f8 84       	ldd	r15, Y+8	; 0x08
C:\Users\fm\AppData\Local\Temp\arduino_build_626345\sketch/tiny5351.c:30
  uint32_t mulresultmix = tmultiply(denom, term);
 2d6:	a7 01       	movw	r20, r14
 2d8:	96 01       	movw	r18, r12
 2da:	c5 01       	movw	r24, r10
 2dc:	b4 01       	movw	r22, r8
 2de:	63 df       	rcall	.-314    	; 0x1a6 <tmultiply>
 2e0:	29 87       	std	Y+9, r18	; 0x09
 2e2:	3a 87       	std	Y+10, r19	; 0x0a
 2e4:	4b 87       	std	Y+11, r20	; 0x0b
 2e6:	5c 87       	std	Y+12, r21	; 0x0c
 2e8:	6d 87       	std	Y+13, r22	; 0x0d
 2ea:	7e 87       	std	Y+14, r23	; 0x0e
 2ec:	8f 87       	std	Y+15, r24	; 0x0f
 2ee:	98 8b       	std	Y+16, r25	; 0x10
C:\Users\fm\AppData\Local\Temp\arduino_build_626345\sketch/tiny5351.c:31
  P2 = mulresult - mulresultmix;
 2f0:	89 85       	ldd	r24, Y+9	; 0x09
 2f2:	9a 85       	ldd	r25, Y+10	; 0x0a
 2f4:	ab 85       	ldd	r26, Y+11	; 0x0b
 2f6:	bc 85       	ldd	r27, Y+12	; 0x0c
 2f8:	48 1a       	sub	r4, r24
 2fa:	59 0a       	sbc	r5, r25
 2fc:	6a 0a       	sbc	r6, r26
 2fe:	7b 0a       	sbc	r7, r27
C:\Users\fm\AppData\Local\Temp\arduino_build_626345\sketch/tiny5351.c:32
  mulresult = mult << 7;
 300:	83 2d       	mov	r24, r3
 302:	90 e0       	ldi	r25, 0x00	; 0
 304:	96 95       	lsr	r25
 306:	98 2f       	mov	r25, r24
 308:	88 27       	eor	r24, r24
 30a:	97 95       	ror	r25
 30c:	87 95       	ror	r24
 30e:	09 2e       	mov	r0, r25
 310:	00 0c       	add	r0, r0
 312:	aa 0b       	sbc	r26, r26
 314:	bb 0b       	sbc	r27, r27
C:\Users\fm\AppData\Local\Temp\arduino_build_626345\sketch/tiny5351.c:33
  P1 = mulresult + term - 512;
 316:	22 e0       	ldi	r18, 0x02	; 2
 318:	d2 1a       	sub	r13, r18
 31a:	e1 08       	sbc	r14, r1
 31c:	f1 08       	sbc	r15, r1
 31e:	c8 0e       	add	r12, r24
 320:	d9 1e       	adc	r13, r25
 322:	ea 1e       	adc	r14, r26
 324:	fb 1e       	adc	r15, r27
C:\Users\fm\AppData\Local\Temp\arduino_build_626345\sketch/tiny5351.c:35
  P3 = denom;
  i2cSendRegister(pll + 0, (P3 & 0x0000FF00) >> 8);
 326:	99 27       	eor	r25, r25
 328:	8b 2d       	mov	r24, r11
 32a:	7a 2d       	mov	r23, r10
 32c:	69 2d       	mov	r22, r9
 32e:	82 2d       	mov	r24, r2
 330:	92 df       	rcall	.-220    	; 0x256 <i2cSendRegister>
C:\Users\fm\AppData\Local\Temp\arduino_build_626345\sketch/tiny5351.c:36
  i2cSendRegister(pll + 1, (P3 & 0x000000FF));
 332:	68 2d       	mov	r22, r8
 334:	81 e0       	ldi	r24, 0x01	; 1
 336:	82 0d       	add	r24, r2
 338:	8e df       	rcall	.-228    	; 0x256 <i2cSendRegister>
 33a:	6e 2d       	mov	r22, r14
 33c:	63 70       	andi	r22, 0x03	; 3
 33e:	82 e0       	ldi	r24, 0x02	; 2
 340:	82 0d       	add	r24, r2
C:\Users\fm\AppData\Local\Temp\arduino_build_626345\sketch/tiny5351.c:37
  if (rDiv != R_DIV_NA)
 342:	1f 3f       	cpi	r17, 0xFF	; 255
 344:	09 f0       	breq	.+2      	; 0x348 <setupPLL+0xd4>
C:\Users\fm\AppData\Local\Temp\arduino_build_626345\sketch/tiny5351.c:39
  {
    i2cSendRegister(pll + 2,   ((P1 & 0x00030000) >> 16) | rDiv);
 346:	61 2b       	or	r22, r17
C:\Users\fm\AppData\Local\Temp\arduino_build_626345\sketch/tiny5351.c:43
  }
  else
  {
    i2cSendRegister(pll + 2,   ((P1 & 0x00030000) >> 16));
 348:	86 df       	rcall	.-244    	; 0x256 <i2cSendRegister>
C:\Users\fm\AppData\Local\Temp\arduino_build_626345\sketch/tiny5351.c:45
  }
  i2cSendRegister(pll + 3, (P1 & 0x0000FF00) >> 8);
 34a:	99 27       	eor	r25, r25
 34c:	8f 2d       	mov	r24, r15
 34e:	7e 2d       	mov	r23, r14
 350:	6d 2d       	mov	r22, r13
 352:	83 e0       	ldi	r24, 0x03	; 3
 354:	82 0d       	add	r24, r2
 356:	7f df       	rcall	.-258    	; 0x256 <i2cSendRegister>
C:\Users\fm\AppData\Local\Temp\arduino_build_626345\sketch/tiny5351.c:46
  i2cSendRegister(pll + 4, (P1 & 0x000000FF));
 358:	6c 2d       	mov	r22, r12
 35a:	84 e0       	ldi	r24, 0x04	; 4
 35c:	82 0d       	add	r24, r2
 35e:	7b df       	rcall	.-266    	; 0x256 <i2cSendRegister>
C:\Users\fm\AppData\Local\Temp\arduino_build_626345\sketch/tiny5351.c:47
  i2cSendRegister(pll + 5, ((P3 & 0x000F0000) >> 12) | ((P2 & 0x000F0000) >> 16));
 360:	9c e0       	ldi	r25, 0x0C	; 12
 362:	b6 94       	lsr	r11
 364:	a7 94       	ror	r10
 366:	97 94       	ror	r9
 368:	87 94       	ror	r8
 36a:	9a 95       	dec	r25
 36c:	d1 f7       	brne	.-12     	; 0x362 <setupPLL+0xee>
 36e:	88 2d       	mov	r24, r8
 370:	80 7f       	andi	r24, 0xF0	; 240
 372:	66 2d       	mov	r22, r6
 374:	6f 70       	andi	r22, 0x0F	; 15
 376:	68 2b       	or	r22, r24
 378:	85 e0       	ldi	r24, 0x05	; 5
 37a:	82 0d       	add	r24, r2
 37c:	6c df       	rcall	.-296    	; 0x256 <i2cSendRegister>
C:\Users\fm\AppData\Local\Temp\arduino_build_626345\sketch/tiny5351.c:48
  i2cSendRegister(pll + 6, (P2 & 0x0000FF00) >> 8);
 37e:	99 27       	eor	r25, r25
 380:	87 2d       	mov	r24, r7
 382:	76 2d       	mov	r23, r6
 384:	65 2d       	mov	r22, r5
 386:	86 e0       	ldi	r24, 0x06	; 6
 388:	82 0d       	add	r24, r2
 38a:	65 df       	rcall	.-310    	; 0x256 <i2cSendRegister>
C:\Users\fm\AppData\Local\Temp\arduino_build_626345\sketch/tiny5351.c:49
  i2cSendRegister(pll + 7, (P2 & 0x000000FF));
 38c:	64 2d       	mov	r22, r4
 38e:	87 e0       	ldi	r24, 0x07	; 7
 390:	82 0d       	add	r24, r2
C:\Users\fm\AppData\Local\Temp\arduino_build_626345\sketch/tiny5351.c:50
}
 392:	c0 5f       	subi	r28, 0xF0	; 240
 394:	cd bf       	out	0x3d, r28	; 61
 396:	df 91       	pop	r29
 398:	cf 91       	pop	r28
 39a:	1f 91       	pop	r17
 39c:	0f 91       	pop	r16
 39e:	ff 90       	pop	r15
 3a0:	ef 90       	pop	r14
 3a2:	df 90       	pop	r13
 3a4:	cf 90       	pop	r12
 3a6:	bf 90       	pop	r11
 3a8:	af 90       	pop	r10
 3aa:	9f 90       	pop	r9
 3ac:	8f 90       	pop	r8
 3ae:	7f 90       	pop	r7
 3b0:	6f 90       	pop	r6
 3b2:	5f 90       	pop	r5
 3b4:	4f 90       	pop	r4
 3b6:	3f 90       	pop	r3
 3b8:	2f 90       	pop	r2
C:\Users\fm\AppData\Local\Temp\arduino_build_626345\sketch/tiny5351.c:49
  }
  i2cSendRegister(pll + 3, (P1 & 0x0000FF00) >> 8);
  i2cSendRegister(pll + 4, (P1 & 0x000000FF));
  i2cSendRegister(pll + 5, ((P3 & 0x000F0000) >> 12) | ((P2 & 0x000F0000) >> 16));
  i2cSendRegister(pll + 6, (P2 & 0x0000FF00) >> 8);
  i2cSendRegister(pll + 7, (P2 & 0x000000FF));
 3ba:	4d cf       	rjmp	.-358    	; 0x256 <i2cSendRegister>

000003bc <eeprom_read_dword>:
eeprom_read_dword():
 3bc:	a6 e1       	ldi	r26, 0x16	; 22
 3be:	44 e0       	ldi	r20, 0x04	; 4
 3c0:	02 c0       	rjmp	.+4      	; 0x3c6 <eeprom_read_blraw>

000003c2 <eeprom_read_block>:
eeprom_read_block():
 3c2:	a8 2f       	mov	r26, r24
 3c4:	86 2f       	mov	r24, r22

000003c6 <eeprom_read_blraw>:
 3c6:	e8 2f       	mov	r30, r24
 3c8:	e1 99       	sbic	0x1c, 1	; 28
 3ca:	fe cf       	rjmp	.-4      	; 0x3c8 <eeprom_read_blraw+0x2>
 3cc:	05 c0       	rjmp	.+10     	; 0x3d8 <eeprom_read_blraw+0x12>
 3ce:	ee bb       	out	0x1e, r30	; 30
 3d0:	e0 9a       	sbi	0x1c, 0	; 28
 3d2:	e3 95       	inc	r30
 3d4:	0d b2       	in	r0, 0x1d	; 29
 3d6:	0d 92       	st	X+, r0
 3d8:	41 50       	subi	r20, 0x01	; 1
 3da:	c8 f7       	brcc	.-14     	; 0x3ce <eeprom_read_blraw+0x8>
 3dc:	08 95       	ret

000003de <_exit>:
exit():
/home/jenkins-mingw32/workspace/avr-gcc-staging/label/Ubuntu14.04x64-mingw32/gcc-build/avr/avr25/tiny-stack/libgcc/../../../../../gcc/libgcc/config/avr/lib1funcs.S:2278
 3de:	f8 94       	cli

000003e0 <__stop_program>:
__stop_program():
/home/jenkins-mingw32/workspace/avr-gcc-staging/label/Ubuntu14.04x64-mingw32/gcc-build/avr/avr25/tiny-stack/libgcc/../../../../../gcc/libgcc/config/avr/lib1funcs.S:2280
 3e0:	ff cf       	rjmp	.-2      	; 0x3e0 <__stop_program>
